This file contains any messages produced by compilers while
running configure, to aid debugging if configure makes a mistake.

It was created by FTGLES configure 0.1, which was
generated by GNU Autoconf 2.68.  Invocation command line was

  $ ./configure --no-create --no-recursion

## --------- ##
## Platform. ##
## --------- ##

hostname = Janet-PC
uname -m = i686
uname -r = 1.0.17(0.48/3/2)
uname -s = MINGW32_NT-6.1
uname -v = 2011-04-24 23:39

/usr/bin/uname -p = unknown
/bin/uname -X     = unknown

/bin/arch              = unknown
/usr/bin/arch -k       = unknown
/usr/convex/getsysinfo = unknown
/usr/bin/hostinfo      = unknown
/bin/machine           = unknown
/usr/bin/oslevel       = unknown
/bin/universe          = unknown

PATH: .
PATH: /usr/local/bin
PATH: /mingw/bin
PATH: /bin
PATH: /c/Program Files (x86)/ImageMagick-6.5.8-Q16
PATH: /c/Program Files (x86)/ATI Stream/bin/x86_64
PATH: /c/Program Files (x86)/ATI Stream/bin/x86
PATH: /c/Program Files/Common Files/Microsoft Shared/Windows Live
PATH: /c/Windows/system32
PATH: /c/Windows
PATH: /c/Windows/System32/Wbem
PATH: /c/Windows/System32/WindowsPowerShell/v1.0/
PATH: /c/Program Files (x86)/ATI Technologies/ATI.ACE/Core-Static
PATH: /c/Program Files (x86)/QuickTime/QTSystem/
PATH: /c/Program Files (x86)/Calibre2/
PATH: /c/Python27/
PATH: /c/Python27/Scripts/
PATH: /c/Program Files (x86)/Git/cmd
PATH: /c/Program Files (x86)/Git/bin
PATH: /c/Program Files (x86)/GtkSharp/2.12/bin
PATH: /c/Program Files/TortoiseSVN/bin
PATH: /c/cygwin/bin
PATH: /c/Program Files (x86)/Publican


## ----------- ##
## Core tests. ##
## ----------- ##

configure:2552: checking for a BSD-compatible install
configure:2620: result: /bin/install -c
configure:2631: checking whether build environment is sane
configure:2681: result: yes
configure:2822: checking for a thread-safe mkdir -p
configure:2861: result: /bin/mkdir -p
configure:2874: checking for gawk
configure:2890: found /bin/gawk
configure:2901: result: gawk
configure:2912: checking whether make sets $(MAKE)
configure:2934: result: yes
configure:3066: checking for g++
configure:3082: found /mingw/bin/g++
configure:3093: result: g++
configure:3120: checking for C++ compiler version
configure:3129: g++ --version >&5
g++.exe (GCC) 4.6.1
Copyright (C) 2011 Free Software Foundation, Inc.
This is free software; see the source for copying conditions.  There is NO
warranty; not even for MERCHANTABILITY or FITNESS FOR A PARTICULAR PURPOSE.

configure:3140: $? = 0
configure:3129: g++ -v >&5
Using built-in specs.
COLLECT_GCC=C:\MinGW\bin\g++.exe
COLLECT_LTO_WRAPPER=c:/mingw/bin/../libexec/gcc/mingw32/4.6.1/lto-wrapper.exe
Target: mingw32
Configured with: ../gcc-4.6.1/configure --enable-languages=c,c++,fortran,objc,obj-c++ --disable-sjlj-exceptions --with-dwarf2 --enable-shared --enable-libgomp --disable-win32-registry --enable-libstdcxx-debug --enable-version-specific-runtime-libs --build=mingw32 --prefix=/mingw
Thread model: win32
gcc version 4.6.1 (GCC) 
configure:3140: $? = 0
configure:3129: g++ -V >&5
g++.exe: error: unrecognized option '-V'
g++.exe: fatal error: no input files
compilation terminated.
configure:3140: $? = 1
configure:3129: g++ -qversion >&5
g++.exe: error: unrecognized option '-qversion'
g++.exe: fatal error: no input files
compilation terminated.
configure:3140: $? = 1
configure:3160: checking whether the C++ compiler works
configure:3182: g++    conftest.cpp  >&5
configure:3186: $? = 0
configure:3234: result: yes
configure:3237: checking for C++ compiler default output file name
configure:3239: result: a.exe
configure:3245: checking for suffix of executables
configure:3252: g++ -o conftest.exe    conftest.cpp  >&5
configure:3256: $? = 0
configure:3278: result: .exe
configure:3300: checking whether we are cross compiling
configure:3308: g++ -o conftest.exe    conftest.cpp  >&5
configure:3312: $? = 0
configure:3319: ./conftest.exe
configure:3323: $? = 0
configure:3338: result: no
configure:3343: checking for suffix of object files
configure:3365: g++ -c   conftest.cpp >&5
configure:3369: $? = 0
configure:3390: result: o
configure:3394: checking whether we are using the GNU C++ compiler
configure:3413: g++ -c   conftest.cpp >&5
configure:3413: $? = 0
configure:3422: result: yes
configure:3431: checking whether g++ accepts -g
configure:3451: g++ -c -g  conftest.cpp >&5
configure:3451: $? = 0
configure:3492: result: yes
configure:3526: checking for style of include used by make
configure:3554: result: GNU
configure:3579: checking dependency style of g++
configure:3689: result: gcc3
configure:3743: checking build system type
configure:3757: result: i686-pc-mingw32
configure:3777: checking host system type
configure:3790: result: i686-pc-mingw32
configure:3858: checking for gcc
configure:3874: found /mingw/bin/gcc
configure:3885: result: gcc
configure:4114: checking for C compiler version
configure:4123: gcc --version >&5
gcc.exe (GCC) 4.6.1
Copyright (C) 2011 Free Software Foundation, Inc.
This is free software; see the source for copying conditions.  There is NO
warranty; not even for MERCHANTABILITY or FITNESS FOR A PARTICULAR PURPOSE.

configure:4134: $? = 0
configure:4123: gcc -v >&5
Using built-in specs.
COLLECT_GCC=C:\MinGW\bin\gcc.exe
COLLECT_LTO_WRAPPER=c:/mingw/bin/../libexec/gcc/mingw32/4.6.1/lto-wrapper.exe
Target: mingw32
Configured with: ../gcc-4.6.1/configure --enable-languages=c,c++,fortran,objc,obj-c++ --disable-sjlj-exceptions --with-dwarf2 --enable-shared --enable-libgomp --disable-win32-registry --enable-libstdcxx-debug --enable-version-specific-runtime-libs --build=mingw32 --prefix=/mingw
Thread model: win32
gcc version 4.6.1 (GCC) 
configure:4134: $? = 0
configure:4123: gcc -V >&5
gcc.exe: error: unrecognized option '-V'
gcc.exe: fatal error: no input files
compilation terminated.
configure:4134: $? = 1
configure:4123: gcc -qversion >&5
gcc.exe: error: unrecognized option '-qversion'
gcc.exe: fatal error: no input files
compilation terminated.
configure:4134: $? = 1
configure:4138: checking whether we are using the GNU C compiler
configure:4157: gcc -c   conftest.c >&5
configure:4157: $? = 0
configure:4166: result: yes
configure:4175: checking whether gcc accepts -g
configure:4195: gcc -c -g  conftest.c >&5
configure:4195: $? = 0
configure:4236: result: yes
configure:4253: checking for gcc option to accept ISO C89
configure:4317: gcc  -c -g -O2  conftest.c >&5
configure:4317: $? = 0
configure:4330: result: none needed
configure:4352: checking dependency style of gcc
configure:4462: result: gcc3
configure:4477: checking for a sed that does not truncate output
configure:4541: result: /bin/sed
configure:4559: checking for grep that handles long lines and -e
configure:4617: result: /bin/grep
configure:4622: checking for egrep
configure:4684: result: /bin/grep -E
configure:4689: checking for fgrep
configure:4751: result: /bin/grep -F
configure:4786: checking for ld used by gcc
configure:4853: result: c:/mingw/mingw32/bin/ld.exe
configure:4860: checking if the linker (c:/mingw/mingw32/bin/ld.exe) is GNU ld
configure:4875: result: yes
configure:4887: checking for BSD- or MS-compatible name lister (nm)
configure:4936: result: /mingw/bin/nm
configure:5054: checking the name lister (/mingw/bin/nm) interface
configure:5061: gcc -c -g -O2  conftest.c >&5
configure:5064: /mingw/bin/nm "conftest.o"
configure:5067: output
00000000 b .bss
00000000 d .data
00000000 N .debug_abbrev
00000000 N .debug_info
00000000 N .debug_line
00000000 t .text
00000000 B _some_variable
configure:5074: result: BSD nm
configure:5077: checking whether ln -s works
configure:5084: result: no, using cp -p
configure:5089: checking the maximum length of command line arguments
configure:5209: result: 8192
configure:5226: checking whether the shell understands some XSI constructs
configure:5236: result: yes
configure:5240: checking whether the shell understands "+="
configure:5246: result: yes
configure:5281: checking for c:/mingw/mingw32/bin/ld.exe option to reload object files
configure:5288: result: -r
configure:5357: checking for objdump
configure:5373: found /mingw/bin/objdump
configure:5384: result: objdump
configure:5416: checking how to recognize dependent libraries
configure:5612: result: file_magic ^x86 archive import|^x86 DLL
configure:5672: checking for ar
configure:5688: found /mingw/bin/ar
configure:5699: result: ar
configure:5777: checking for strip
configure:5793: found /mingw/bin/strip
configure:5804: result: strip
configure:5876: checking for ranlib
configure:5892: found /mingw/bin/ranlib
configure:5903: result: ranlib
configure:5993: checking command to parse /mingw/bin/nm output from gcc object
configure:6111: gcc -c -g -O2  conftest.c >&5
configure:6114: $? = 0
configure:6118: /mingw/bin/nm conftest.o \| sed -n -e 's/^.*[	 ]\([ABCDGIRSTW][ABCDGIRSTW]*\)[	 ][	 ]*\([_A-Za-z][_A-Za-z0-9]*\)\{0,1\}$/\1 \2 \2/p' \> conftest.nm
configure:6121: $? = 0
cannot find nm_test_var in conftest.nm
configure:6111: gcc -c -g -O2  conftest.c >&5
configure:6114: $? = 0
configure:6118: /mingw/bin/nm conftest.o \| sed -n -e 's/^.*[	 ]\([ABCDGIRSTW][ABCDGIRSTW]*\)[	 ][	 ]*_\([_A-Za-z][_A-Za-z0-9]*\)\{0,1\}$/\1 _\2 \2/p' \> conftest.nm
configure:6121: $? = 0
configure:6175: gcc -o conftest.exe -g -O2   conftest.c conftstm.o >&5
configure:6178: $? = 0
configure:6216: result: ok
configure:7025: checking how to run the C preprocessor
configure:7056: gcc -E  conftest.c
configure:7056: $? = 0
configure:7070: gcc -E  conftest.c
conftest.c:9:28: fatal error: ac_nonexistent.h: No such file or directory
compilation terminated.
configure:7070: $? = 1
configure: failed program was:
| /* confdefs.h */
| #define PACKAGE_NAME "FTGLES"
| #define PACKAGE_TARNAME "ftgles"
| #define PACKAGE_VERSION "0.1"
| #define PACKAGE_STRING "FTGLES 0.1"
| #define PACKAGE_BUGREPORT "david@davidpetrie.com"
| #define PACKAGE_URL ""
| /* end confdefs.h.  */
| #include <ac_nonexistent.h>
configure:7095: result: gcc -E
configure:7115: gcc -E  conftest.c
configure:7115: $? = 0
configure:7129: gcc -E  conftest.c
conftest.c:9:28: fatal error: ac_nonexistent.h: No such file or directory
compilation terminated.
configure:7129: $? = 1
configure: failed program was:
| /* confdefs.h */
| #define PACKAGE_NAME "FTGLES"
| #define PACKAGE_TARNAME "ftgles"
| #define PACKAGE_VERSION "0.1"
| #define PACKAGE_STRING "FTGLES 0.1"
| #define PACKAGE_BUGREPORT "david@davidpetrie.com"
| #define PACKAGE_URL ""
| /* end confdefs.h.  */
| #include <ac_nonexistent.h>
configure:7158: checking for ANSI C header files
configure:7178: gcc -c -g -O2  conftest.c >&5
configure:7178: $? = 0
configure:7251: gcc -o conftest.exe -g -O2   conftest.c  >&5
configure:7251: $? = 0
configure:7251: ./conftest.exe
 - Cannot openconfigure:7251: $? = 1
configure: program exited with status 1
configure: failed program was:
| /* confdefs.h */
| #define PACKAGE_NAME "FTGLES"
| #define PACKAGE_TARNAME "ftgles"
| #define PACKAGE_VERSION "0.1"
| #define PACKAGE_STRING "FTGLES 0.1"
| #define PACKAGE_BUGREPORT "david@davidpetrie.com"
| #define PACKAGE_URL ""
| /* end confdefs.h.  */
| #include <ctype.h>
| #include <stdlib.h>
| #if ((' ' & 0x0FF) == 0x020)
| # define ISLOWER(c) ('a' <= (c) && (c) <= 'z')
| # define TOUPPER(c) (ISLOWER(c) ? 'A' + ((c) - 'a') : (c))
| #else
| # define ISLOWER(c) 		   (('a' <= (c) && (c) <= 'i') 		     || ('j' <= (c) && (c) <= 'r') 		     || ('s' <= (c) && (c) <= 'z'))
| # define TOUPPER(c) (ISLOWER(c) ? ((c) | 0x40) : (c))
| #endif
| 
| #define XOR(e, f) (((e) && !(f)) || (!(e) && (f)))
| int
| main ()
| {
|   int i;
|   for (i = 0; i < 256; i++)
|     if (XOR (islower (i), ISLOWER (i))
| 	|| toupper (i) != TOUPPER (i))
|       return 2;
|   return 0;
| }
configure:7262: result: no
configure:7275: checking for sys/types.h
configure:7275: gcc -c -g -O2  conftest.c >&5
configure:7275: $? = 0
configure:7275: result: yes
configure:7275: checking for sys/stat.h
configure:7275: gcc -c -g -O2  conftest.c >&5
configure:7275: $? = 0
configure:7275: result: yes
configure:7275: checking for stdlib.h
configure:7275: gcc -c -g -O2  conftest.c >&5
configure:7275: $? = 0
configure:7275: result: yes
configure:7275: checking for string.h
configure:7275: gcc -c -g -O2  conftest.c >&5
configure:7275: $? = 0
configure:7275: result: yes
configure:7275: checking for memory.h
configure:7275: gcc -c -g -O2  conftest.c >&5
configure:7275: $? = 0
configure:7275: result: yes
configure:7275: checking for strings.h
configure:7275: gcc -c -g -O2  conftest.c >&5
configure:7275: $? = 0
configure:7275: result: yes
configure:7275: checking for inttypes.h
configure:7275: gcc -c -g -O2  conftest.c >&5
configure:7275: $? = 0
configure:7275: result: yes
configure:7275: checking for stdint.h
configure:7275: gcc -c -g -O2  conftest.c >&5
configure:7275: $? = 0
configure:7275: result: yes
configure:7275: checking for unistd.h
configure:7275: gcc -c -g -O2  conftest.c >&5
configure:7275: $? = 0
configure:7275: result: yes
configure:7289: checking for dlfcn.h
configure:7289: gcc -c -g -O2  conftest.c >&5
conftest.c:52:19: fatal error: dlfcn.h: No such file or directory
compilation terminated.
configure:7289: $? = 1
configure: failed program was:
| /* confdefs.h */
| #define PACKAGE_NAME "FTGLES"
| #define PACKAGE_TARNAME "ftgles"
| #define PACKAGE_VERSION "0.1"
| #define PACKAGE_STRING "FTGLES 0.1"
| #define PACKAGE_BUGREPORT "david@davidpetrie.com"
| #define PACKAGE_URL ""
| #define HAVE_SYS_TYPES_H 1
| #define HAVE_SYS_STAT_H 1
| #define HAVE_STDLIB_H 1
| #define HAVE_STRING_H 1
| #define HAVE_MEMORY_H 1
| #define HAVE_STRINGS_H 1
| #define HAVE_INTTYPES_H 1
| #define HAVE_STDINT_H 1
| #define HAVE_UNISTD_H 1
| /* end confdefs.h.  */
| #include <stdio.h>
| #ifdef HAVE_SYS_TYPES_H
| # include <sys/types.h>
| #endif
| #ifdef HAVE_SYS_STAT_H
| # include <sys/stat.h>
| #endif
| #ifdef STDC_HEADERS
| # include <stdlib.h>
| # include <stddef.h>
| #else
| # ifdef HAVE_STDLIB_H
| #  include <stdlib.h>
| # endif
| #endif
| #ifdef HAVE_STRING_H
| # if !defined STDC_HEADERS && defined HAVE_MEMORY_H
| #  include <memory.h>
| # endif
| # include <string.h>
| #endif
| #ifdef HAVE_STRINGS_H
| # include <strings.h>
| #endif
| #ifdef HAVE_INTTYPES_H
| # include <inttypes.h>
| #endif
| #ifdef HAVE_STDINT_H
| # include <stdint.h>
| #endif
| #ifdef HAVE_UNISTD_H
| # include <unistd.h>
| #endif
| 
| #include <dlfcn.h>
configure:7289: result: no
configure:7414: checking for C++ compiler version
configure:7423: g++ --version >&5
g++.exe (GCC) 4.6.1
Copyright (C) 2011 Free Software Foundation, Inc.
This is free software; see the source for copying conditions.  There is NO
warranty; not even for MERCHANTABILITY or FITNESS FOR A PARTICULAR PURPOSE.

configure:7434: $? = 0
configure:7423: g++ -v >&5
Using built-in specs.
COLLECT_GCC=C:\MinGW\bin\g++.exe
COLLECT_LTO_WRAPPER=c:/mingw/bin/../libexec/gcc/mingw32/4.6.1/lto-wrapper.exe
Target: mingw32
Configured with: ../gcc-4.6.1/configure --enable-languages=c,c++,fortran,objc,obj-c++ --disable-sjlj-exceptions --with-dwarf2 --enable-shared --enable-libgomp --disable-win32-registry --enable-libstdcxx-debug --enable-version-specific-runtime-libs --build=mingw32 --prefix=/mingw
Thread model: win32
gcc version 4.6.1 (GCC) 
configure:7434: $? = 0
configure:7423: g++ -V >&5
g++.exe: error: unrecognized option '-V'
g++.exe: fatal error: no input files
compilation terminated.
configure:7434: $? = 1
configure:7423: g++ -qversion >&5
g++.exe: error: unrecognized option '-qversion'
g++.exe: fatal error: no input files
compilation terminated.
configure:7434: $? = 1
configure:7438: checking whether we are using the GNU C++ compiler
configure:7466: result: yes
configure:7475: checking whether g++ accepts -g
configure:7536: result: yes
configure:7561: checking dependency style of g++
configure:7671: result: gcc3
configure:7694: checking how to run the C++ preprocessor
configure:7721: g++ -E  conftest.cpp
configure:7721: $? = 0
configure:7735: g++ -E  conftest.cpp
conftest.cpp:18:28: fatal error: ac_nonexistent.h: No such file or directory
compilation terminated.
configure:7735: $? = 1
configure: failed program was:
| /* confdefs.h */
| #define PACKAGE_NAME "FTGLES"
| #define PACKAGE_TARNAME "ftgles"
| #define PACKAGE_VERSION "0.1"
| #define PACKAGE_STRING "FTGLES 0.1"
| #define PACKAGE_BUGREPORT "david@davidpetrie.com"
| #define PACKAGE_URL ""
| #define HAVE_SYS_TYPES_H 1
| #define HAVE_SYS_STAT_H 1
| #define HAVE_STDLIB_H 1
| #define HAVE_STRING_H 1
| #define HAVE_MEMORY_H 1
| #define HAVE_STRINGS_H 1
| #define HAVE_INTTYPES_H 1
| #define HAVE_STDINT_H 1
| #define HAVE_UNISTD_H 1
| /* end confdefs.h.  */
| #include <ac_nonexistent.h>
configure:7760: result: g++ -E
configure:7780: g++ -E  conftest.cpp
configure:7780: $? = 0
configure:7794: g++ -E  conftest.cpp
conftest.cpp:18:28: fatal error: ac_nonexistent.h: No such file or directory
compilation terminated.
configure:7794: $? = 1
configure: failed program was:
| /* confdefs.h */
| #define PACKAGE_NAME "FTGLES"
| #define PACKAGE_TARNAME "ftgles"
| #define PACKAGE_VERSION "0.1"
| #define PACKAGE_STRING "FTGLES 0.1"
| #define PACKAGE_BUGREPORT "david@davidpetrie.com"
| #define PACKAGE_URL ""
| #define HAVE_SYS_TYPES_H 1
| #define HAVE_SYS_STAT_H 1
| #define HAVE_STDLIB_H 1
| #define HAVE_STRING_H 1
| #define HAVE_MEMORY_H 1
| #define HAVE_STRINGS_H 1
| #define HAVE_INTTYPES_H 1
| #define HAVE_STDINT_H 1
| #define HAVE_UNISTD_H 1
| /* end confdefs.h.  */
| #include <ac_nonexistent.h>
configure:8000: checking for objdir
configure:8015: result: .libs
configure:8311: checking if gcc supports -fno-rtti -fno-exceptions
configure:8329: gcc -c -g -O2  -fno-rtti -fno-exceptions conftest.c >&5
cc1.exe: warning: command line option '-fno-rtti' is valid for C++/ObjC++ but not for C [enabled by default]
configure:8333: $? = 0
configure:8346: result: no
configure:8366: checking for gcc option to produce PIC
configure:8638: result: -DDLL_EXPORT -DPIC
configure:8650: checking if gcc PIC flag -DDLL_EXPORT -DPIC works
configure:8668: gcc -c -g -O2  -DDLL_EXPORT -DPIC -DPIC conftest.c >&5
configure:8672: $? = 0
configure:8685: result: yes
configure:8709: checking if gcc static flag -static works
configure:8737: result: yes
configure:8752: checking if gcc supports -c -o file.o
configure:8773: gcc -c -g -O2  -o out/conftest2.o conftest.c >&5
configure:8777: $? = 0
configure:8799: result: yes
configure:8807: checking if gcc supports -c -o file.o
configure:8854: result: yes
configure:8887: checking whether the gcc linker (c:/mingw/mingw32/bin/ld.exe) supports shared libraries
configure:9873: result: yes
configure:9910: checking whether -lc should be explicitly linked in
configure:9915: gcc -c -g -O2  conftest.c >&5
configure:9918: $? = 0
configure:9933: gcc -shared conftest.o  -v -o ./conftest -Wl,--enable-auto-image-base -Xlinker --out-implib -Xlinker conftest 2\>\&1 \| /bin/grep  -lc  \>/dev/null 2\>\&1
configure:9936: $? = 1
configure:9948: result: yes
configure:10112: checking dynamic linker characteristics
configure:10763: result: Win32 ld.exe
configure:10865: checking how to hardcode library paths into programs
configure:10890: result: immediate
configure:11410: checking whether stripping libraries is possible
configure:11415: result: yes
configure:11450: checking if libtool supports shared libraries
configure:11452: result: yes
configure:11455: checking whether to build shared libraries
configure:11476: result: yes
configure:11479: checking whether to build static libraries
configure:11483: result: yes
configure:11633: checking for ld used by g++
configure:11700: result: c:/mingw/mingw32/bin/ld.exe
configure:11707: checking if the linker (c:/mingw/mingw32/bin/ld.exe) is GNU ld
configure:11722: result: yes
configure:11777: checking whether the g++ linker (c:/mingw/mingw32/bin/ld.exe) supports shared libraries
configure:12690: result: yes
configure:12718: g++ -c -g -O2  conftest.cpp >&5
configure:12721: $? = 0
configure:12903: checking for g++ option to produce PIC
configure:13220: result: -DDLL_EXPORT -DPIC
configure:13229: checking if g++ PIC flag -DDLL_EXPORT -DPIC works
configure:13247: g++ -c -g -O2  -DDLL_EXPORT -DPIC -DPIC conftest.cpp >&5
configure:13251: $? = 0
configure:13264: result: yes
configure:13285: checking if g++ static flag -static works
configure:13313: result: yes
configure:13325: checking if g++ supports -c -o file.o
configure:13346: g++ -c -g -O2  -o out/conftest2.o conftest.cpp >&5
configure:13350: $? = 0
configure:13372: result: yes
configure:13377: checking if g++ supports -c -o file.o
configure:13424: result: yes
configure:13454: checking whether the g++ linker (c:/mingw/mingw32/bin/ld.exe) supports shared libraries
configure:13480: result: yes
configure:13617: checking dynamic linker characteristics
configure:14216: result: Win32 ld.exe
configure:14267: checking how to hardcode library paths into programs
configure:14292: result: immediate
configure:14355: checking whether gcc and cc understand -c and -o together
configure:14386: gcc -c conftest.c -o conftest2.o >&5
configure:14390: $? = 0
configure:14396: gcc -c conftest.c -o conftest2.o >&5
configure:14400: $? = 0
configure:14411: cc -c conftest.c >&5
./configure: line 14413: /c/cygwin/bin/cc: Bad file number
configure:14415: $? = 126
configure:14455: result: yes
configure:14482: checking for ANSI C header files
configure:14586: result: no
configure:14594: checking for stdlib.h
configure:14594: result: yes
configure:14604: checking for wcsdup
configure:14604: gcc -o conftest.exe -g -O2   conftest.c  >&5
configure:14604: $? = 0
configure:14604: result: yes
configure:14615: checking for strndup
configure:14615: gcc -o conftest.exe -g -O2   conftest.c  >&5
conftest.c:43:6: warning: conflicting types for built-in function 'strndup' [enabled by default]
C:\Users\Janet\AppData\Local\Temp\ccQEQLHI.o: In function `main':
c:\Users\Janet\Documents\mycode\dancing_squid\lib\ftgles/conftest.c:54: undefined reference to `strndup'
collect2: ld returned 1 exit status
configure:14615: $? = 1
configure: failed program was:
| /* confdefs.h */
| #define PACKAGE_NAME "FTGLES"
| #define PACKAGE_TARNAME "ftgles"
| #define PACKAGE_VERSION "0.1"
| #define PACKAGE_STRING "FTGLES 0.1"
| #define PACKAGE_BUGREPORT "david@davidpetrie.com"
| #define PACKAGE_URL ""
| #define HAVE_SYS_TYPES_H 1
| #define HAVE_SYS_STAT_H 1
| #define HAVE_STDLIB_H 1
| #define HAVE_STRING_H 1
| #define HAVE_MEMORY_H 1
| #define HAVE_STRINGS_H 1
| #define HAVE_INTTYPES_H 1
| #define HAVE_STDINT_H 1
| #define HAVE_UNISTD_H 1
| #define LT_OBJDIR ".libs/"
| #define HAVE_WCSDUP 1
| /* end confdefs.h.  */
| /* Define strndup to an innocuous variant, in case <limits.h> declares strndup.
|    For example, HP-UX 11i <limits.h> declares gettimeofday.  */
| #define strndup innocuous_strndup
| 
| /* System header to define __stub macros and hopefully few prototypes,
|     which can conflict with char strndup (); below.
|     Prefer <limits.h> to <assert.h> if __STDC__ is defined, since
|     <limits.h> exists even on freestanding compilers.  */
| 
| #ifdef __STDC__
| # include <limits.h>
| #else
| # include <assert.h>
| #endif
| 
| #undef strndup
| 
| /* Override any GCC internal prototype to avoid an error.
|    Use char because int might match the return type of a GCC
|    builtin and then its argument prototype would still apply.  */
| #ifdef __cplusplus
| extern "C"
| #endif
| char strndup ();
| /* The GNU C library defines this for functions which it implements
|     to always fail with ENOSYS.  Some functions are actually named
|     something starting with __ and the normal name is an alias.  */
| #if defined __stub_strndup || defined __stub___strndup
| choke me
| #endif
| 
| int
| main ()
| {
| return strndup ();
|   ;
|   return 0;
| }
configure:14615: result: no
configure:14627: checking for X
configure:14735: gcc -E  conftest.c
conftest.c:20:22: fatal error: X11/Xlib.h: No such file or directory
compilation terminated.
configure:14735: $? = 1
configure: failed program was:
| /* confdefs.h */
| #define PACKAGE_NAME "FTGLES"
| #define PACKAGE_TARNAME "ftgles"
| #define PACKAGE_VERSION "0.1"
| #define PACKAGE_STRING "FTGLES 0.1"
| #define PACKAGE_BUGREPORT "david@davidpetrie.com"
| #define PACKAGE_URL ""
| #define HAVE_SYS_TYPES_H 1
| #define HAVE_SYS_STAT_H 1
| #define HAVE_STDLIB_H 1
| #define HAVE_STRING_H 1
| #define HAVE_MEMORY_H 1
| #define HAVE_STRINGS_H 1
| #define HAVE_INTTYPES_H 1
| #define HAVE_STDINT_H 1
| #define HAVE_UNISTD_H 1
| #define LT_OBJDIR ".libs/"
| #define HAVE_WCSDUP 1
| /* end confdefs.h.  */
| #include <X11/Xlib.h>
configure:14766: gcc -o conftest.exe -g -O2   conftest.c -lX11  >&5
conftest.c:20:22: fatal error: X11/Xlib.h: No such file or directory
compilation terminated.
configure:14766: $? = 1
configure: failed program was:
| /* confdefs.h */
| #define PACKAGE_NAME "FTGLES"
| #define PACKAGE_TARNAME "ftgles"
| #define PACKAGE_VERSION "0.1"
| #define PACKAGE_STRING "FTGLES 0.1"
| #define PACKAGE_BUGREPORT "david@davidpetrie.com"
| #define PACKAGE_URL ""
| #define HAVE_SYS_TYPES_H 1
| #define HAVE_SYS_STAT_H 1
| #define HAVE_STDLIB_H 1
| #define HAVE_STRING_H 1
| #define HAVE_MEMORY_H 1
| #define HAVE_STRINGS_H 1
| #define HAVE_INTTYPES_H 1
| #define HAVE_STDINT_H 1
| #define HAVE_UNISTD_H 1
| #define LT_OBJDIR ".libs/"
| #define HAVE_WCSDUP 1
| /* end confdefs.h.  */
| #include <X11/Xlib.h>
| int
| main ()
| {
| XrmInitialize ()
|   ;
|   return 0;
| }
configure:14805: result: no
configure:14865: checking for freetype-config
configure:14883: found /usr/local/bin/freetype-config
configure:14896: result: /usr/local/bin/freetype-config
configure:14906: checking for FreeType -- version >= 9.0.3
configure:14950: result: yes
configure:15544: checking GL/glut.h usability
configure:15544: gcc -c -g -O2  conftest.c >&5
conftest.c:54:21: fatal error: GL/glut.h: No such file or directory
compilation terminated.
configure:15544: $? = 1
configure: failed program was:
| /* confdefs.h */
| #define PACKAGE_NAME "FTGLES"
| #define PACKAGE_TARNAME "ftgles"
| #define PACKAGE_VERSION "0.1"
| #define PACKAGE_STRING "FTGLES 0.1"
| #define PACKAGE_BUGREPORT "david@davidpetrie.com"
| #define PACKAGE_URL ""
| #define HAVE_SYS_TYPES_H 1
| #define HAVE_SYS_STAT_H 1
| #define HAVE_STDLIB_H 1
| #define HAVE_STRING_H 1
| #define HAVE_MEMORY_H 1
| #define HAVE_STRINGS_H 1
| #define HAVE_INTTYPES_H 1
| #define HAVE_STDINT_H 1
| #define HAVE_UNISTD_H 1
| #define LT_OBJDIR ".libs/"
| #define HAVE_WCSDUP 1
| #define X_DISPLAY_MISSING 1
| /* end confdefs.h.  */
| #include <stdio.h>
| #ifdef HAVE_SYS_TYPES_H
| # include <sys/types.h>
| #endif
| #ifdef HAVE_SYS_STAT_H
| # include <sys/stat.h>
| #endif
| #ifdef STDC_HEADERS
| # include <stdlib.h>
| # include <stddef.h>
| #else
| # ifdef HAVE_STDLIB_H
| #  include <stdlib.h>
| # endif
| #endif
| #ifdef HAVE_STRING_H
| # if !defined STDC_HEADERS && defined HAVE_MEMORY_H
| #  include <memory.h>
| # endif
| # include <string.h>
| #endif
| #ifdef HAVE_STRINGS_H
| # include <strings.h>
| #endif
| #ifdef HAVE_INTTYPES_H
| # include <inttypes.h>
| #endif
| #ifdef HAVE_STDINT_H
| # include <stdint.h>
| #endif
| #ifdef HAVE_UNISTD_H
| # include <unistd.h>
| #endif
| #include <GL/glut.h>
configure:15544: result: no
configure:15544: checking GL/glut.h presence
configure:15544: gcc -E  conftest.c
conftest.c:21:21: fatal error: GL/glut.h: No such file or directory
compilation terminated.
configure:15544: $? = 1
configure: failed program was:
| /* confdefs.h */
| #define PACKAGE_NAME "FTGLES"
| #define PACKAGE_TARNAME "ftgles"
| #define PACKAGE_VERSION "0.1"
| #define PACKAGE_STRING "FTGLES 0.1"
| #define PACKAGE_BUGREPORT "david@davidpetrie.com"
| #define PACKAGE_URL ""
| #define HAVE_SYS_TYPES_H 1
| #define HAVE_SYS_STAT_H 1
| #define HAVE_STDLIB_H 1
| #define HAVE_STRING_H 1
| #define HAVE_MEMORY_H 1
| #define HAVE_STRINGS_H 1
| #define HAVE_INTTYPES_H 1
| #define HAVE_STDINT_H 1
| #define HAVE_UNISTD_H 1
| #define LT_OBJDIR ".libs/"
| #define HAVE_WCSDUP 1
| #define X_DISPLAY_MISSING 1
| /* end confdefs.h.  */
| #include <GL/glut.h>
configure:15544: result: no
configure:15544: checking for GL/glut.h
configure:15544: result: no
configure:15553: checking GLUT/glut.h usability
configure:15553: gcc -c -g -O2  conftest.c >&5
conftest.c:54:23: fatal error: GLUT/glut.h: No such file or directory
compilation terminated.
configure:15553: $? = 1
configure: failed program was:
| /* confdefs.h */
| #define PACKAGE_NAME "FTGLES"
| #define PACKAGE_TARNAME "ftgles"
| #define PACKAGE_VERSION "0.1"
| #define PACKAGE_STRING "FTGLES 0.1"
| #define PACKAGE_BUGREPORT "david@davidpetrie.com"
| #define PACKAGE_URL ""
| #define HAVE_SYS_TYPES_H 1
| #define HAVE_SYS_STAT_H 1
| #define HAVE_STDLIB_H 1
| #define HAVE_STRING_H 1
| #define HAVE_MEMORY_H 1
| #define HAVE_STRINGS_H 1
| #define HAVE_INTTYPES_H 1
| #define HAVE_STDINT_H 1
| #define HAVE_UNISTD_H 1
| #define LT_OBJDIR ".libs/"
| #define HAVE_WCSDUP 1
| #define X_DISPLAY_MISSING 1
| /* end confdefs.h.  */
| #include <stdio.h>
| #ifdef HAVE_SYS_TYPES_H
| # include <sys/types.h>
| #endif
| #ifdef HAVE_SYS_STAT_H
| # include <sys/stat.h>
| #endif
| #ifdef STDC_HEADERS
| # include <stdlib.h>
| # include <stddef.h>
| #else
| # ifdef HAVE_STDLIB_H
| #  include <stdlib.h>
| # endif
| #endif
| #ifdef HAVE_STRING_H
| # if !defined STDC_HEADERS && defined HAVE_MEMORY_H
| #  include <memory.h>
| # endif
| # include <string.h>
| #endif
| #ifdef HAVE_STRINGS_H
| # include <strings.h>
| #endif
| #ifdef HAVE_INTTYPES_H
| # include <inttypes.h>
| #endif
| #ifdef HAVE_STDINT_H
| # include <stdint.h>
| #endif
| #ifdef HAVE_UNISTD_H
| # include <unistd.h>
| #endif
| #include <GLUT/glut.h>
configure:15553: result: no
configure:15553: checking GLUT/glut.h presence
configure:15553: gcc -E  conftest.c
conftest.c:21:23: fatal error: GLUT/glut.h: No such file or directory
compilation terminated.
configure:15553: $? = 1
configure: failed program was:
| /* confdefs.h */
| #define PACKAGE_NAME "FTGLES"
| #define PACKAGE_TARNAME "ftgles"
| #define PACKAGE_VERSION "0.1"
| #define PACKAGE_STRING "FTGLES 0.1"
| #define PACKAGE_BUGREPORT "david@davidpetrie.com"
| #define PACKAGE_URL ""
| #define HAVE_SYS_TYPES_H 1
| #define HAVE_SYS_STAT_H 1
| #define HAVE_STDLIB_H 1
| #define HAVE_STRING_H 1
| #define HAVE_MEMORY_H 1
| #define HAVE_STRINGS_H 1
| #define HAVE_INTTYPES_H 1
| #define HAVE_STDINT_H 1
| #define HAVE_UNISTD_H 1
| #define LT_OBJDIR ".libs/"
| #define HAVE_WCSDUP 1
| #define X_DISPLAY_MISSING 1
| /* end confdefs.h.  */
| #include <GLUT/glut.h>
configure:15553: result: no
configure:15553: checking for GLUT/glut.h
configure:15553: result: no
configure:15710: WARNING: GLUT headers not available, example program won't be compiled.
configure:15737: checking for a TrueType font on the system
configure:15771: result: 
configure:15824: checking for pkg-config
configure:15857: result: no
configure:15893: checking for CPPUNIT
configure:15960: result: no
configure:15980: checking for doxygen
configure:16011: result: no
configure:16031: checking for pdflatex
configure:16062: result: no
configure:16072: checking for kpsewhich
configure:16103: result: no
configure:16113: checking for dvips
configure:16144: result: no
configure:16154: checking for convert
configure:16172: found /c/Program Files (x86)/ImageMagick-6.5.8-Q16/convert
configure:16185: result: /c/Program Files (x86)/ImageMagick-6.5.8-Q16/convert
configure:16195: checking for epstopdf
configure:16226: result: no
configure:16423: creating ./config.status
configure:18926: result: Done.
configure:18928: result: 
configure:18930: result: FTGL configured with the following settings:
configure:18932: result: 
configure:18934: result:              Prefix: /usr/local
configure:18936: result:            Binaries: /usr/local/bin
configure:18938: result: Configuration files: /usr/local/etc
configure:18940: result:          Data files: /usr/local/share
configure:18942: result: 
configure:18944: result: CC       = gcc
configure:18946: result: CXX      = g++
configure:18949: result: CFLAGS   = -g -O2 -Waggregate-return -Wstrict-prototypes -Wmissing-prototypes -Wnested-externs
configure:18953: result: CXXFLAGS = -g -O2
configure:18957: result: CPPFLAGS =  -I${top_srcdir}/src -I${top_srcdir}/src/iGLU-1.0.0/include -Wall -Wpointer-arith -Wcast-align -Wcast-qual -Wshadow -Wsign-compare
configure:18968: result: 
configure:18970: result: ---
configure:18972: result: ./configure complete, type 'make' to begin building
configure:18974: result: 

## ---------------- ##
## Cache variables. ##
## ---------------- ##

ac_cv_build=i686-pc-mingw32
ac_cv_c_compiler_gnu=yes
ac_cv_cxx_compiler_gnu=yes
ac_cv_env_CCC_set=
ac_cv_env_CCC_value=
ac_cv_env_CC_set=
ac_cv_env_CC_value=
ac_cv_env_CFLAGS_set=
ac_cv_env_CFLAGS_value=
ac_cv_env_CPPFLAGS_set=
ac_cv_env_CPPFLAGS_value=
ac_cv_env_CPPUNIT_CFLAGS_set=
ac_cv_env_CPPUNIT_CFLAGS_value=
ac_cv_env_CPPUNIT_LIBS_set=
ac_cv_env_CPPUNIT_LIBS_value=
ac_cv_env_CPP_set=
ac_cv_env_CPP_value=
ac_cv_env_CXXCPP_set=
ac_cv_env_CXXCPP_value=
ac_cv_env_CXXFLAGS_set=
ac_cv_env_CXXFLAGS_value=
ac_cv_env_CXX_set=
ac_cv_env_CXX_value=
ac_cv_env_LDFLAGS_set=
ac_cv_env_LDFLAGS_value=
ac_cv_env_LIBS_set=
ac_cv_env_LIBS_value=
ac_cv_env_PKG_CONFIG_set=
ac_cv_env_PKG_CONFIG_value=
ac_cv_env_XMKMF_set=
ac_cv_env_XMKMF_value=
ac_cv_env_build_alias_set=
ac_cv_env_build_alias_value=
ac_cv_env_host_alias_set=
ac_cv_env_host_alias_value=
ac_cv_env_target_alias_set=
ac_cv_env_target_alias_value=
ac_cv_exeext=.exe
ac_cv_func_strndup=no
ac_cv_func_wcsdup=yes
ac_cv_have_glut=no
ac_cv_have_x=have_x=no
ac_cv_header_GLUT_glut_h=no
ac_cv_header_GL_glut_h=no
ac_cv_header_dlfcn_h=no
ac_cv_header_inttypes_h=yes
ac_cv_header_memory_h=yes
ac_cv_header_stdc=no
ac_cv_header_stdint_h=yes
ac_cv_header_stdlib_h=yes
ac_cv_header_string_h=yes
ac_cv_header_strings_h=yes
ac_cv_header_sys_stat_h=yes
ac_cv_header_sys_types_h=yes
ac_cv_header_unistd_h=yes
ac_cv_host=i686-pc-mingw32
ac_cv_objext=o
ac_cv_path_CONVERT='/c/Program Files (x86)/ImageMagick-6.5.8-Q16/convert'
ac_cv_path_DOXYGEN=no
ac_cv_path_DVIPS=no
ac_cv_path_EGREP='/bin/grep -E'
ac_cv_path_EPSTOPDF=no
ac_cv_path_FGREP='/bin/grep -F'
ac_cv_path_FT2_CONFIG=/usr/local/bin/freetype-config
ac_cv_path_GREP=/bin/grep
ac_cv_path_KPSEWHICH=no
ac_cv_path_LATEX=no
ac_cv_path_SED=/bin/sed
ac_cv_path_install='/bin/install -c'
ac_cv_path_mkdir=/bin/mkdir
ac_cv_prog_AWK=gawk
ac_cv_prog_CPP='gcc -E'
ac_cv_prog_CXXCPP='g++ -E'
ac_cv_prog_ac_ct_AR=ar
ac_cv_prog_ac_ct_CC=gcc
ac_cv_prog_ac_ct_CXX=g++
ac_cv_prog_ac_ct_OBJDUMP=objdump
ac_cv_prog_ac_ct_RANLIB=ranlib
ac_cv_prog_ac_ct_STRIP=strip
ac_cv_prog_cc_c89=
ac_cv_prog_cc_g=yes
ac_cv_prog_cc_gcc_c_o=yes
ac_cv_prog_cxx_g=yes
ac_cv_prog_make_make_set=yes
am_cv_CC_dependencies_compiler_type=gcc3
am_cv_CXX_dependencies_compiler_type=gcc3
lt_cv_deplibs_check_method='file_magic ^x86 archive import|^x86 DLL'
lt_cv_file_magic_cmd=func_win32_libid
lt_cv_file_magic_test_file=
lt_cv_ld_reload_flag=-r
lt_cv_nm_interface='BSD nm'
lt_cv_objdir=.libs
lt_cv_path_LD=c:/mingw/mingw32/bin/ld.exe
lt_cv_path_LDCXX=c:/mingw/mingw32/bin/ld.exe
lt_cv_path_NM=/mingw/bin/nm
lt_cv_prog_compiler_c_o=yes
lt_cv_prog_compiler_c_o_CXX=yes
lt_cv_prog_compiler_pic_works=yes
lt_cv_prog_compiler_pic_works_CXX=yes
lt_cv_prog_compiler_rtti_exceptions=no
lt_cv_prog_compiler_static_works=yes
lt_cv_prog_compiler_static_works_CXX=yes
lt_cv_prog_gnu_ld=yes
lt_cv_prog_gnu_ldcxx=yes
lt_cv_sys_global_symbol_pipe='sed -n -e '\''s/^.*[	 ]\([ABCDGIRSTW][ABCDGIRSTW]*\)[	 ][	 ]*_\([_A-Za-z][_A-Za-z0-9]*\)\{0,1\}$/\1 _\2 \2/p'\'''
lt_cv_sys_global_symbol_to_c_name_address='sed -n -e '\''s/^: \([^ ]*\) $/  {\"\1\", (void *) 0},/p'\'' -e '\''s/^[ABCDGIRSTW]* \([^ ]*\) \([^ ]*\)$/  {"\2", (void *) \&\2},/p'\'''
lt_cv_sys_global_symbol_to_c_name_address_lib_prefix='sed -n -e '\''s/^: \([^ ]*\) $/  {\"\1\", (void *) 0},/p'\'' -e '\''s/^[ABCDGIRSTW]* \([^ ]*\) \(lib[^ ]*\)$/  {"\2", (void *) \&\2},/p'\'' -e '\''s/^[ABCDGIRSTW]* \([^ ]*\) \([^ ]*\)$/  {"lib\2", (void *) \&\2},/p'\'''
lt_cv_sys_global_symbol_to_cdecl='sed -n -e '\''s/^T .* \(.*\)$/extern int \1();/p'\'' -e '\''s/^[ABCDGIRSTW]* .* \(.*\)$/extern char \1;/p'\'''
lt_cv_sys_max_cmd_len=8192

## ----------------- ##
## Output variables. ##
## ----------------- ##

ACLOCAL='${SHELL} /c/Users/Janet/Documents/mycode/dancing_squid/lib/ftgles/.auto/missing --run aclocal-1.11'
AMDEPBACKSLASH='\'
AMDEP_FALSE='#'
AMDEP_TRUE=''
AMTAR='${SHELL} /c/Users/Janet/Documents/mycode/dancing_squid/lib/ftgles/.auto/missing --run tar'
AR='ar'
AUTOCONF='${SHELL} /c/Users/Janet/Documents/mycode/dancing_squid/lib/ftgles/.auto/missing --run autoconf'
AUTOHEADER='${SHELL} /c/Users/Janet/Documents/mycode/dancing_squid/lib/ftgles/.auto/missing --run autoheader'
AUTOMAKE='${SHELL} /c/Users/Janet/Documents/mycode/dancing_squid/lib/ftgles/.auto/missing --run automake-1.11'
AWK='gawk'
CC='gcc'
CCDEPMODE='depmode=gcc3'
CFLAGS='-g -O2 -Waggregate-return -Wstrict-prototypes -Wmissing-prototypes -Wnested-externs'
CONVERT='/c/Program Files (x86)/ImageMagick-6.5.8-Q16/convert'
CPP='gcc -E'
CPPFLAGS=' -I${top_srcdir}/src -I${top_srcdir}/src/iGLU-1.0.0/include -Wall -Wpointer-arith -Wcast-align -Wcast-qual -Wshadow -Wsign-compare'
CPPUNIT_CFLAGS=''
CPPUNIT_LIBS=''
CXX='g++'
CXXCPP='g++ -E'
CXXDEPMODE='depmode=gcc3'
CXXFLAGS='-g -O2'
CYGPATH_W='cygpath -w'
DEFS='-DHAVE_CONFIG_H'
DEPDIR='.deps'
DOXYGEN='no'
DSYMUTIL=''
DUMPBIN=''
DVIPS='no'
ECHO_C=''
ECHO_N='-n'
ECHO_T=''
EGREP='/bin/grep -E'
EPSTOPDF='no'
EXEEXT='.exe'
FGREP='/bin/grep -F'
FT2_CFLAGS='-I/usr/local/include/freetype2 -I/usr/local/include'
FT2_CONFIG='/usr/local/bin/freetype-config'
FT2_LIBS='-L/usr/local/lib -lfreetype'
GLUT_CFLAGS=''
GLUT_LIBS=''
GREP='/bin/grep'
HAVE_CPPUNIT_FALSE=''
HAVE_CPPUNIT_TRUE='#'
HAVE_DOXYGEN_FALSE=''
HAVE_DOXYGEN_TRUE='#'
HAVE_GLUT_FALSE=''
HAVE_GLUT_TRUE='#'
HAVE_LATEX_FALSE=''
HAVE_LATEX_TRUE='#'
INSTALL_DATA='${INSTALL} -m 644'
INSTALL_PROGRAM='${INSTALL}'
INSTALL_SCRIPT='${INSTALL}'
INSTALL_STRIP_PROGRAM='$(install_sh) -c -s'
KPSEWHICH='no'
LATEX='no'
LD='c:/mingw/mingw32/bin/ld.exe'
LDFLAGS=''
LIBOBJS=''
LIBS=''
LIBTOOL='$(SHELL) $(top_builddir)/libtool'
LIPO=''
LN_S='cp -p'
LTLIBOBJS=''
LT_MAJOR='0'
LT_MICRO='2'
LT_MINOR='1'
LT_VERSION='0:1:2'
MAKEINFO='${SHELL} /c/Users/Janet/Documents/mycode/dancing_squid/lib/ftgles/.auto/missing --run makeinfo'
MKDIR_P='/bin/mkdir -p'
NM='/mingw/bin/nm'
NMEDIT=''
OBJDUMP='objdump'
OBJEXT='o'
OTOOL64=''
OTOOL=''
PACKAGE='ftgles'
PACKAGE_BUGREPORT='david@davidpetrie.com'
PACKAGE_NAME='FTGLES'
PACKAGE_STRING='FTGLES 0.1'
PACKAGE_TARNAME='ftgles'
PACKAGE_URL=''
PACKAGE_VERSION='0.1'
PATH_SEPARATOR=':'
PKG_CONFIG=''
RANLIB='ranlib'
SED='/bin/sed'
SET_MAKE=''
SHELL='/bin/sh'
STRIP='strip'
VERSION='0.1'
XMKMF=''
X_CFLAGS=''
X_EXTRA_LIBS=''
X_LIBS=''
X_PRE_LIBS=''
ac_ct_CC='gcc'
ac_ct_CXX='g++'
ac_ct_DUMPBIN=''
am__EXEEXT_FALSE='#'
am__EXEEXT_TRUE=''
am__fastdepCC_FALSE='#'
am__fastdepCC_TRUE=''
am__fastdepCXX_FALSE='#'
am__fastdepCXX_TRUE=''
am__include='include'
am__isrc=''
am__leading_dot='.'
am__quote=''
am__tar='${AMTAR} chof - "$$tardir"'
am__untar='${AMTAR} xf -'
bindir='/usr/local/bin'
build='i686-pc-mingw32'
build_alias=''
build_cpu='i686'
build_os='mingw32'
build_vendor='pc'
datadir='/usr/local/share'
datarootdir='${prefix}/share'
docdir='${datarootdir}/doc/${PACKAGE_TARNAME}'
dvidir='${docdir}'
exec_prefix='${prefix}'
host='i686-pc-mingw32'
host_alias=''
host_cpu='i686'
host_os='mingw32'
host_vendor='pc'
htmldir='${docdir}'
includedir='${prefix}/include'
infodir='${datarootdir}/info'
install_sh='${SHELL} /c/Users/Janet/Documents/mycode/dancing_squid/lib/ftgles/.auto/install-sh'
libdir='${exec_prefix}/lib'
libexecdir='${exec_prefix}/libexec'
localedir='${datarootdir}/locale'
localstatedir='${prefix}/var'
lt_ECHO='echo'
mandir='/usr/local/share/man'
mkdir_p='/bin/mkdir -p'
oldincludedir='/usr/include'
pdfdir='${docdir}'
prefix='/usr/local'
program_transform_name='s,x,x,'
psdir='${docdir}'
sbindir='${exec_prefix}/sbin'
sharedstatedir='${prefix}/com'
sysconfdir='/usr/local/etc'
target_alias=''

## ----------- ##
## confdefs.h. ##
## ----------- ##

/* confdefs.h */
#define PACKAGE_NAME "FTGLES"
#define PACKAGE_TARNAME "ftgles"
#define PACKAGE_VERSION "0.1"
#define PACKAGE_STRING "FTGLES 0.1"
#define PACKAGE_BUGREPORT "david@davidpetrie.com"
#define PACKAGE_URL ""
#define HAVE_SYS_TYPES_H 1
#define HAVE_SYS_STAT_H 1
#define HAVE_STDLIB_H 1
#define HAVE_STRING_H 1
#define HAVE_MEMORY_H 1
#define HAVE_STRINGS_H 1
#define HAVE_INTTYPES_H 1
#define HAVE_STDINT_H 1
#define HAVE_UNISTD_H 1
#define LT_OBJDIR ".libs/"
#define HAVE_WCSDUP 1
#define X_DISPLAY_MISSING 1

configure: exit 0

## ---------------------- ##
## Running config.status. ##
## ---------------------- ##

This file was extended by FTGLES config.status 0.1, which was
generated by GNU Autoconf 2.68.  Invocation command line was

  CONFIG_FILES    = 
  CONFIG_HEADERS  = 
  CONFIG_LINKS    = 
  CONFIG_COMMANDS = 
  $ ./config.status 

on Janet-PC

config.status:1188: creating ftgles.pc
config.status:1188: creating Makefile
config.status:1188: creating docs/Makefile
config.status:1188: creating docs/doxygen.cfg
config.status:1188: creating msvc/Makefile
config.status:1188: creating src/Makefile
config.status:1188: creating demo/Makefile
config.status:1188: creating test/Makefile
config.status:1188: creating config.h
config.status:1369: config.h is unchanged
config.status:1417: executing depfiles commands
config.status:1417: executing libtool commands

## ---------------------- ##
## Running config.status. ##
## ---------------------- ##

This file was extended by FTGLES config.status 0.1, which was
generated by GNU Autoconf 2.68.  Invocation command line was

  CONFIG_FILES    = 
  CONFIG_HEADERS  = 
  CONFIG_LINKS    = 
  CONFIG_COMMANDS = 
  $ ./config.status config.h

on Janet-PC

config.status:1188: creating config.h
config.status:1369: config.h is unchanged
