This file contains any messages produced by compilers while
running configure, to aid debugging if configure makes a mistake.

It was created by FTGL configure 2.1.3~rc5, which was
generated by GNU Autoconf 2.61.  Invocation command line was

  $ ./configure 

## --------- ##
## Platform. ##
## --------- ##

hostname = Janet-PC
uname -m = i686
uname -r = 1.0.17(0.48/3/2)
uname -s = MINGW32_NT-6.1
uname -v = 2011-04-24 23:39

/usr/bin/uname -p = unknown
/bin/uname -X     = unknown

/bin/arch              = unknown
/usr/bin/arch -k       = unknown
/usr/convex/getsysinfo = unknown
/usr/bin/hostinfo      = unknown
/bin/machine           = unknown
/usr/bin/oslevel       = unknown
/bin/universe          = unknown

PATH: .
PATH: /usr/local/bin
PATH: /mingw/bin
PATH: /bin
PATH: /c/Program Files (x86)/ImageMagick-6.5.8-Q16
PATH: /c/Program Files (x86)/ATI Stream/bin/x86_64
PATH: /c/Program Files (x86)/ATI Stream/bin/x86
PATH: /c/Program Files/Common Files/Microsoft Shared/Windows Live
PATH: /c/Windows/system32
PATH: /c/Windows
PATH: /c/Windows/System32/Wbem
PATH: /c/Windows/System32/WindowsPowerShell/v1.0/
PATH: /c/Program Files (x86)/ATI Technologies/ATI.ACE/Core-Static
PATH: /c/Program Files (x86)/QuickTime/QTSystem/
PATH: /c/Program Files (x86)/Calibre2/
PATH: /c/Python27/
PATH: /c/Python27/Scripts/
PATH: /c/Program Files (x86)/Git/cmd
PATH: /c/Program Files (x86)/Git/bin
PATH: /c/Program Files (x86)/GtkSharp/2.12/bin
PATH: /c/Program Files/TortoiseSVN/bin
PATH: /c/cygwin/bin
PATH: /c/Program Files (x86)/Publican


## ----------- ##
## Core tests. ##
## ----------- ##

configure:2041: checking for a BSD-compatible install
configure:2097: result: /bin/install -c
configure:2108: checking whether build environment is sane
configure:2151: result: yes
configure:2179: checking for a thread-safe mkdir -p
configure:2218: result: /bin/mkdir -p
configure:2231: checking for gawk
configure:2247: found /bin/gawk
configure:2258: result: gawk
configure:2269: checking whether make sets $(MAKE)
configure:2290: result: yes
configure:2484: checking for style of include used by make
configure:2512: result: GNU
configure:2540: checking build system type
configure:2558: result: i686-pc-mingw32
configure:2580: checking host system type
configure:2595: result: i686-pc-mingw32
configure:2694: checking for g++
configure:2710: found /mingw/bin/g++
configure:2721: result: g++
configure:2752: checking for C++ compiler version
configure:2759: g++ --version >&5
g++.exe (GCC) 4.6.1
Copyright (C) 2011 Free Software Foundation, Inc.
This is free software; see the source for copying conditions.  There is NO
warranty; not even for MERCHANTABILITY or FITNESS FOR A PARTICULAR PURPOSE.

configure:2762: $? = 0
configure:2769: g++ -v >&5
Using built-in specs.
COLLECT_GCC=C:\MinGW\bin\g++.exe
COLLECT_LTO_WRAPPER=c:/mingw/bin/../libexec/gcc/mingw32/4.6.1/lto-wrapper.exe
Target: mingw32
Configured with: ../gcc-4.6.1/configure --enable-languages=c,c++,fortran,objc,obj-c++ --disable-sjlj-exceptions --with-dwarf2 --enable-shared --enable-libgomp --disable-win32-registry --enable-libstdcxx-debug --enable-version-specific-runtime-libs --build=mingw32 --prefix=/mingw
Thread model: win32
gcc version 4.6.1 (GCC) 
configure:2772: $? = 0
configure:2779: g++ -V >&5
g++.exe: error: unrecognized option '-V'
g++.exe: fatal error: no input files
compilation terminated.
configure:2782: $? = 1
configure:2805: checking for C++ compiler default output file name
configure:2832: g++    conftest.cpp  >&5
configure:2835: $? = 0
configure:2873: result: a.exe
configure:2890: checking whether the C++ compiler works
configure:2900: ./a.exe
configure:2903: $? = 0
configure:2920: result: yes
configure:2927: checking whether we are cross compiling
configure:2929: result: no
configure:2932: checking for suffix of executables
configure:2939: g++ -o conftest.exe    conftest.cpp  >&5
configure:2942: $? = 0
configure:2966: result: .exe
configure:2972: checking for suffix of object files
configure:2998: g++ -c   conftest.cpp >&5
configure:3001: $? = 0
configure:3024: result: o
configure:3028: checking whether we are using the GNU C++ compiler
configure:3057: g++ -c   conftest.cpp >&5
configure:3063: $? = 0
configure:3080: result: yes
configure:3085: checking whether g++ accepts -g
configure:3115: g++ -c -g  conftest.cpp >&5
configure:3121: $? = 0
configure:3220: result: yes
configure:3245: checking dependency style of g++
configure:3336: result: gcc3
configure:3482: checking for gcc
configure:3498: found /mingw/bin/gcc
configure:3509: result: gcc
configure:3747: checking for C compiler version
configure:3754: gcc --version >&5
gcc.exe (GCC) 4.6.1
Copyright (C) 2011 Free Software Foundation, Inc.
This is free software; see the source for copying conditions.  There is NO
warranty; not even for MERCHANTABILITY or FITNESS FOR A PARTICULAR PURPOSE.

configure:3757: $? = 0
configure:3764: gcc -v >&5
Using built-in specs.
COLLECT_GCC=C:\MinGW\bin\gcc.exe
COLLECT_LTO_WRAPPER=c:/mingw/bin/../libexec/gcc/mingw32/4.6.1/lto-wrapper.exe
Target: mingw32
Configured with: ../gcc-4.6.1/configure --enable-languages=c,c++,fortran,objc,obj-c++ --disable-sjlj-exceptions --with-dwarf2 --enable-shared --enable-libgomp --disable-win32-registry --enable-libstdcxx-debug --enable-version-specific-runtime-libs --build=mingw32 --prefix=/mingw
Thread model: win32
gcc version 4.6.1 (GCC) 
configure:3767: $? = 0
configure:3774: gcc -V >&5
gcc.exe: error: unrecognized option '-V'
gcc.exe: fatal error: no input files
compilation terminated.
configure:3777: $? = 1
configure:3780: checking whether we are using the GNU C compiler
configure:3809: gcc -c   conftest.c >&5
configure:3815: $? = 0
configure:3832: result: yes
configure:3837: checking whether gcc accepts -g
configure:3867: gcc -c -g  conftest.c >&5
configure:3873: $? = 0
configure:3972: result: yes
configure:3989: checking for gcc option to accept ISO C89
configure:4063: gcc  -c -g -O2  conftest.c >&5
configure:4069: $? = 0
configure:4092: result: none needed
configure:4112: checking dependency style of gcc
configure:4203: result: gcc3
configure:4218: checking for a sed that does not truncate output
configure:4274: result: /bin/sed
configure:4277: checking for grep that handles long lines and -e
configure:4351: result: /bin/grep
configure:4356: checking for egrep
configure:4434: result: /bin/grep -E
configure:4450: checking for ld used by gcc
configure:4517: result: c:/mingw/mingw32/bin/ld.exe
configure:4526: checking if the linker (c:/mingw/mingw32/bin/ld.exe) is GNU ld
configure:4541: result: yes
configure:4546: checking for c:/mingw/mingw32/bin/ld.exe option to reload object files
configure:4553: result: -r
configure:4571: checking for BSD-compatible nm
configure:4620: result: /mingw/bin/nm
configure:4624: checking whether ln -s works
configure:4631: result: no, using cp -p
configure:4635: checking how to recognize dependent libraries
configure:4821: result: file_magic ^x86 archive import|^x86 DLL
configure:5066: checking how to run the C preprocessor
configure:5106: gcc -E  conftest.c
configure:5112: $? = 0
configure:5143: gcc -E  conftest.c
conftest.c:8:28: fatal error: ac_nonexistent.h: No such file or directory
compilation terminated.
configure:5149: $? = 1
configure: failed program was:
| /* confdefs.h.  */
| #define PACKAGE_NAME "FTGL"
| #define PACKAGE_TARNAME "ftgl"
| #define PACKAGE_VERSION "2.1.3~rc5"
| #define PACKAGE_STRING "FTGL 2.1.3~rc5"
| #define PACKAGE_BUGREPORT "sam@zoy.org"
| /* end confdefs.h.  */
| #include <ac_nonexistent.h>
configure:5182: result: gcc -E
configure:5211: gcc -E  conftest.c
configure:5217: $? = 0
configure:5248: gcc -E  conftest.c
conftest.c:8:28: fatal error: ac_nonexistent.h: No such file or directory
compilation terminated.
configure:5254: $? = 1
configure: failed program was:
| /* confdefs.h.  */
| #define PACKAGE_NAME "FTGL"
| #define PACKAGE_TARNAME "ftgl"
| #define PACKAGE_VERSION "2.1.3~rc5"
| #define PACKAGE_STRING "FTGL 2.1.3~rc5"
| #define PACKAGE_BUGREPORT "sam@zoy.org"
| /* end confdefs.h.  */
| #include <ac_nonexistent.h>
configure:5292: checking for ANSI C header files
configure:5322: gcc -c -g -O2  conftest.c >&5
configure:5328: $? = 0
configure:5427: gcc -o conftest.exe -g -O2   conftest.c  >&5
c:/mingw/bin/../lib/gcc/mingw32/4.6.1/../../../../mingw32/bin/ld.exe: cannot open output file conftest.exe: Permission denied
collect2: ld returned 1 exit status
configure:5430: $? = 1
configure: program exited with status 1
configure: failed program was:
| /* confdefs.h.  */
| #define PACKAGE_NAME "FTGL"
| #define PACKAGE_TARNAME "ftgl"
| #define PACKAGE_VERSION "2.1.3~rc5"
| #define PACKAGE_STRING "FTGL 2.1.3~rc5"
| #define PACKAGE_BUGREPORT "sam@zoy.org"
| /* end confdefs.h.  */
| #include <ctype.h>
| #include <stdlib.h>
| #if ((' ' & 0x0FF) == 0x020)
| # define ISLOWER(c) ('a' <= (c) && (c) <= 'z')
| # define TOUPPER(c) (ISLOWER(c) ? 'A' + ((c) - 'a') : (c))
| #else
| # define ISLOWER(c) 		   (('a' <= (c) && (c) <= 'i') 		     || ('j' <= (c) && (c) <= 'r') 		     || ('s' <= (c) && (c) <= 'z'))
| # define TOUPPER(c) (ISLOWER(c) ? ((c) | 0x40) : (c))
| #endif
| 
| #define XOR(e, f) (((e) && !(f)) || (!(e) && (f)))
| int
| main ()
| {
|   int i;
|   for (i = 0; i < 256; i++)
|     if (XOR (islower (i), ISLOWER (i))
| 	|| toupper (i) != TOUPPER (i))
|       return 2;
|   return 0;
| }
configure:5456: result: no
configure:5480: checking for sys/types.h
configure:5501: gcc -c -g -O2  conftest.c >&5
configure:5507: $? = 0
configure:5523: result: yes
configure:5480: checking for sys/stat.h
configure:5501: gcc -c -g -O2  conftest.c >&5
configure:5507: $? = 0
configure:5523: result: yes
configure:5480: checking for stdlib.h
configure:5501: gcc -c -g -O2  conftest.c >&5
configure:5507: $? = 0
configure:5523: result: yes
configure:5480: checking for string.h
configure:5501: gcc -c -g -O2  conftest.c >&5
configure:5507: $? = 0
configure:5523: result: yes
configure:5480: checking for memory.h
configure:5501: gcc -c -g -O2  conftest.c >&5
configure:5507: $? = 0
configure:5523: result: yes
configure:5480: checking for strings.h
configure:5501: gcc -c -g -O2  conftest.c >&5
configure:5507: $? = 0
configure:5523: result: yes
configure:5480: checking for inttypes.h
configure:5501: gcc -c -g -O2  conftest.c >&5
configure:5507: $? = 0
configure:5523: result: yes
configure:5480: checking for stdint.h
configure:5501: gcc -c -g -O2  conftest.c >&5
configure:5507: $? = 0
configure:5523: result: yes
configure:5480: checking for unistd.h
configure:5501: gcc -c -g -O2  conftest.c >&5
configure:5507: $? = 0
configure:5523: result: yes
configure:5550: checking dlfcn.h usability
configure:5567: gcc -c -g -O2  conftest.c >&5
conftest.c:50:19: fatal error: dlfcn.h: No such file or directory
compilation terminated.
configure:5573: $? = 1
configure: failed program was:
| /* confdefs.h.  */
| #define PACKAGE_NAME "FTGL"
| #define PACKAGE_TARNAME "ftgl"
| #define PACKAGE_VERSION "2.1.3~rc5"
| #define PACKAGE_STRING "FTGL 2.1.3~rc5"
| #define PACKAGE_BUGREPORT "sam@zoy.org"
| #define HAVE_SYS_TYPES_H 1
| #define HAVE_SYS_STAT_H 1
| #define HAVE_STDLIB_H 1
| #define HAVE_STRING_H 1
| #define HAVE_MEMORY_H 1
| #define HAVE_STRINGS_H 1
| #define HAVE_INTTYPES_H 1
| #define HAVE_STDINT_H 1
| #define HAVE_UNISTD_H 1
| /* end confdefs.h.  */
| #include <stdio.h>
| #ifdef HAVE_SYS_TYPES_H
| # include <sys/types.h>
| #endif
| #ifdef HAVE_SYS_STAT_H
| # include <sys/stat.h>
| #endif
| #ifdef STDC_HEADERS
| # include <stdlib.h>
| # include <stddef.h>
| #else
| # ifdef HAVE_STDLIB_H
| #  include <stdlib.h>
| # endif
| #endif
| #ifdef HAVE_STRING_H
| # if !defined STDC_HEADERS && defined HAVE_MEMORY_H
| #  include <memory.h>
| # endif
| # include <string.h>
| #endif
| #ifdef HAVE_STRINGS_H
| # include <strings.h>
| #endif
| #ifdef HAVE_INTTYPES_H
| # include <inttypes.h>
| #endif
| #ifdef HAVE_STDINT_H
| # include <stdint.h>
| #endif
| #ifdef HAVE_UNISTD_H
| # include <unistd.h>
| #endif
| #include <dlfcn.h>
configure:5587: result: no
configure:5591: checking dlfcn.h presence
configure:5606: gcc -E  conftest.c
conftest.c:17:19: fatal error: dlfcn.h: No such file or directory
compilation terminated.
configure:5612: $? = 1
configure: failed program was:
| /* confdefs.h.  */
| #define PACKAGE_NAME "FTGL"
| #define PACKAGE_TARNAME "ftgl"
| #define PACKAGE_VERSION "2.1.3~rc5"
| #define PACKAGE_STRING "FTGL 2.1.3~rc5"
| #define PACKAGE_BUGREPORT "sam@zoy.org"
| #define HAVE_SYS_TYPES_H 1
| #define HAVE_SYS_STAT_H 1
| #define HAVE_STDLIB_H 1
| #define HAVE_STRING_H 1
| #define HAVE_MEMORY_H 1
| #define HAVE_STRINGS_H 1
| #define HAVE_INTTYPES_H 1
| #define HAVE_STDINT_H 1
| #define HAVE_UNISTD_H 1
| /* end confdefs.h.  */
| #include <dlfcn.h>
configure:5626: result: no
configure:5659: checking for dlfcn.h
configure:5667: result: no
configure:5690: checking how to run the C++ preprocessor
configure:5726: g++ -E  conftest.cpp
configure:5732: $? = 0
configure:5763: g++ -E  conftest.cpp
conftest.cpp:17:28: fatal error: ac_nonexistent.h: No such file or directory
compilation terminated.
configure:5769: $? = 1
configure: failed program was:
| /* confdefs.h.  */
| #define PACKAGE_NAME "FTGL"
| #define PACKAGE_TARNAME "ftgl"
| #define PACKAGE_VERSION "2.1.3~rc5"
| #define PACKAGE_STRING "FTGL 2.1.3~rc5"
| #define PACKAGE_BUGREPORT "sam@zoy.org"
| #define HAVE_SYS_TYPES_H 1
| #define HAVE_SYS_STAT_H 1
| #define HAVE_STDLIB_H 1
| #define HAVE_STRING_H 1
| #define HAVE_MEMORY_H 1
| #define HAVE_STRINGS_H 1
| #define HAVE_INTTYPES_H 1
| #define HAVE_STDINT_H 1
| #define HAVE_UNISTD_H 1
| /* end confdefs.h.  */
| #include <ac_nonexistent.h>
configure:5802: result: g++ -E
configure:5831: g++ -E  conftest.cpp
configure:5837: $? = 0
configure:5868: g++ -E  conftest.cpp
conftest.cpp:17:28: fatal error: ac_nonexistent.h: No such file or directory
compilation terminated.
configure:5874: $? = 1
configure: failed program was:
| /* confdefs.h.  */
| #define PACKAGE_NAME "FTGL"
| #define PACKAGE_TARNAME "ftgl"
| #define PACKAGE_VERSION "2.1.3~rc5"
| #define PACKAGE_STRING "FTGL 2.1.3~rc5"
| #define PACKAGE_BUGREPORT "sam@zoy.org"
| #define HAVE_SYS_TYPES_H 1
| #define HAVE_SYS_STAT_H 1
| #define HAVE_STDLIB_H 1
| #define HAVE_STRING_H 1
| #define HAVE_MEMORY_H 1
| #define HAVE_STRINGS_H 1
| #define HAVE_INTTYPES_H 1
| #define HAVE_STDINT_H 1
| #define HAVE_UNISTD_H 1
| /* end confdefs.h.  */
| #include <ac_nonexistent.h>
configure:5967: checking for g77
configure:5997: result: no
configure:5967: checking for xlf
configure:5997: result: no
configure:5967: checking for f77
configure:5997: result: no
configure:5967: checking for frt
configure:5997: result: no
configure:5967: checking for pgf77
configure:5997: result: no
configure:5967: checking for cf77
configure:5997: result: no
configure:5967: checking for fort77
configure:5997: result: no
configure:5967: checking for fl32
configure:5997: result: no
configure:5967: checking for af77
configure:5997: result: no
configure:5967: checking for xlf90
configure:5997: result: no
configure:5967: checking for f90
configure:5997: result: no
configure:5967: checking for pgf90
configure:5997: result: no
configure:5967: checking for pghpf
configure:5997: result: no
configure:5967: checking for epcf90
configure:5997: result: no
configure:5967: checking for gfortran
configure:5997: result: no
configure:5967: checking for g95
configure:5997: result: no
configure:5967: checking for xlf95
configure:5997: result: no
configure:5967: checking for f95
configure:5997: result: no
configure:5967: checking for fort
configure:5997: result: no
configure:5967: checking for ifort
configure:5997: result: no
configure:5967: checking for ifc
configure:5997: result: no
configure:5967: checking for efc
configure:5997: result: no
configure:5967: checking for pgf95
configure:5997: result: no
configure:5967: checking for lf95
configure:5997: result: no
configure:5967: checking for ftn
configure:5997: result: no
configure:6024: checking for Fortran 77 compiler version
configure:6031:  --version >&5
./configure: line 6032: --version: command not found
configure:6034: $? = 127
configure:6041:  -v >&5
./configure: line 6042: -v: command not found
configure:6044: $? = 127
configure:6051:  -V >&5
./configure: line 6052: -V: command not found
configure:6054: $? = 127
configure:6062: checking whether we are using the GNU Fortran 77 compiler
configure:6081:  -c  conftest.F >&5
./configure: line 6082: -c: command not found
configure:6087: $? = 127
configure: failed program was:
|       program main
| #ifndef __GNUC__
|        choke me
| #endif
| 
|       end
configure:6104: result: no
configure:6110: checking whether  accepts -g
configure:6127:  -c -g conftest.f >&5
./configure: line 6128: -c: command not found
configure:6133: $? = 127
configure: failed program was:
|       program main
| 
|       end
configure:6149: result: no
configure:6178: checking the maximum length of command line arguments
configure:6290: result: 8192
configure:6302: checking command to parse /mingw/bin/nm output from gcc object
configure:6407: gcc -c -g -O2  conftest.c >&5
configure:6410: $? = 0
configure:6414: /mingw/bin/nm conftest.o \| sed -n -e 's/^.*[ 	]\([ABCDGIRSTW][ABCDGIRSTW]*\)[ 	][ 	]*\([_A-Za-z][_A-Za-z0-9]*\)\{0,1\}$/\1 \2 \2/p' \> conftest.nm
configure:6417: $? = 0
cannot find nm_test_var in conftest.nm
configure:6407: gcc -c -g -O2  conftest.c >&5
configure:6410: $? = 0
configure:6414: /mingw/bin/nm conftest.o \| sed -n -e 's/^.*[ 	]\([ABCDGIRSTW][ABCDGIRSTW]*\)[ 	][ 	]*_\([_A-Za-z][_A-Za-z0-9]*\)\{0,1\}$/\1 _\2 \2/p' \> conftest.nm
configure:6417: $? = 0
configure:6469: gcc -o conftest.exe -g -O2   conftest.c conftstm.o >&5
configure:6472: $? = 0
configure:6510: result: ok
configure:6514: checking for objdir
configure:6529: result: .libs
configure:6621: checking for ar
configure:6637: found /mingw/bin/ar
configure:6648: result: ar
configure:6717: checking for ranlib
configure:6733: found /mingw/bin/ranlib
configure:6744: result: ranlib
configure:6813: checking for strip
configure:6829: found /mingw/bin/strip
configure:6840: result: strip
configure:7438: checking if gcc supports -fno-rtti -fno-exceptions
configure:7456: gcc -c -g -O2  -fno-rtti -fno-exceptions conftest.c >&5
cc1.exe: warning: command line option '-fno-rtti' is valid for C++/ObjC++ but not for C [enabled by default]
configure:7460: $? = 0
configure:7473: result: no
configure:7488: checking for gcc option to produce PIC
configure:7720: result: -DDLL_EXPORT
configure:7728: checking if gcc PIC flag -DDLL_EXPORT works
configure:7746: gcc -c -g -O2  -DDLL_EXPORT -DPIC conftest.c >&5
configure:7750: $? = 0
configure:7763: result: yes
configure:7791: checking if gcc static flag -static works
configure:7819: result: yes
configure:7829: checking if gcc supports -c -o file.o
configure:7850: gcc -c -g -O2  -o out/conftest2.o conftest.c >&5
configure:7854: $? = 0
configure:7876: result: yes
configure:7902: checking whether the gcc linker (c:/mingw/mingw32/bin/ld.exe) supports shared libraries
configure:8883: result: yes
configure:8904: checking whether -lc should be explicitly linked in
configure:8909: gcc -c -g -O2  conftest.c >&5
configure:8912: $? = 0
configure:8927: gcc -shared conftest.o  -v -o ./conftest -Wl,--enable-auto-image-base -Xlinker --out-implib -Xlinker conftest 2\>\&1 \| grep  -lc  \>/dev/null 2\>\&1
configure:8930: $? = 1
configure:8942: result: yes
configure:8950: checking dynamic linker characteristics
configure:9564: result: Win32 ld.exe
configure:9588: checking how to hardcode library paths into programs
configure:9613: result: immediate
configure:9627: checking whether stripping libraries is possible
configure:9632: result: yes
configure:10434: checking if libtool supports shared libraries
configure:10436: result: yes
configure:10439: checking whether to build shared libraries
configure:10460: result: yes
configure:10463: checking whether to build static libraries
configure:10467: result: yes
configure:10561: creating libtool
configure:11154: checking for ld used by g++
configure:11221: result: c:/mingw/mingw32/bin/ld.exe
configure:11230: checking if the linker (c:/mingw/mingw32/bin/ld.exe) is GNU ld
configure:11245: result: yes
configure:11296: checking whether the g++ linker (c:/mingw/mingw32/bin/ld.exe) supports shared libraries
configure:12242: result: yes
configure:12259: g++ -c -g -O2  conftest.cpp >&5
configure:12262: $? = 0
configure:12418: checking for g++ option to produce PIC
configure:12702: result: -DDLL_EXPORT
configure:12710: checking if g++ PIC flag -DDLL_EXPORT works
configure:12728: g++ -c -g -O2  -DDLL_EXPORT -DPIC conftest.cpp >&5
configure:12732: $? = 0
configure:12745: result: yes
configure:12773: checking if g++ static flag -static works
configure:12801: result: yes
configure:12811: checking if g++ supports -c -o file.o
configure:12832: g++ -c -g -O2  -o out/conftest2.o conftest.cpp >&5
configure:12836: $? = 0
configure:12858: result: yes
configure:12884: checking whether the g++ linker (c:/mingw/mingw32/bin/ld.exe) supports shared libraries
configure:12913: result: yes
configure:12980: checking dynamic linker characteristics
configure:13542: result: Win32 ld.exe
configure:13566: checking how to hardcode library paths into programs
configure:13591: result: immediate
configure:19851: checking for a BSD-compatible install
configure:19907: result: /bin/install -c
configure:19922: checking whether gcc and cc understand -c and -o together
configure:19957: gcc -c conftest.c -o conftest2.o >&5
configure:19960: $? = 0
configure:19966: gcc -c conftest.c -o conftest2.o >&5
configure:19969: $? = 0
configure:19980: cc -c conftest.c >&5
./configure: line 19981: /c/cygwin/bin/cc: Bad file number
configure:19983: $? = 126
configure:20021: result: yes
configure:20049: checking for ANSI C header files
configure:20213: result: no
configure:20224: checking for stdlib.h
configure:20229: result: yes
configure:20361: checking for wcsdup
configure:20417: gcc -o conftest.exe -g -O2   conftest.c  >&5
configure:20423: $? = 0
configure:20441: result: yes
configure:20455: checking for strndup
configure:20511: gcc -o conftest.exe -g -O2   conftest.c  >&5
conftest.c:41:6: warning: conflicting types for built-in function 'strndup' [enabled by default]
C:\Users\Janet\AppData\Local\Temp\ccTawmio.o: In function `main':
c:\Users\Janet\Documents\mycode\dancing_squid\lib\ftgl/conftest.c:52: undefined reference to `strndup'
collect2: ld returned 1 exit status
configure:20517: $? = 1
configure: failed program was:
| /* confdefs.h.  */
| #define PACKAGE_NAME "FTGL"
| #define PACKAGE_TARNAME "ftgl"
| #define PACKAGE_VERSION "2.1.3~rc5"
| #define PACKAGE_STRING "FTGL 2.1.3~rc5"
| #define PACKAGE_BUGREPORT "sam@zoy.org"
| #define HAVE_SYS_TYPES_H 1
| #define HAVE_SYS_STAT_H 1
| #define HAVE_STDLIB_H 1
| #define HAVE_STRING_H 1
| #define HAVE_MEMORY_H 1
| #define HAVE_STRINGS_H 1
| #define HAVE_INTTYPES_H 1
| #define HAVE_STDINT_H 1
| #define HAVE_UNISTD_H 1
| #define HAVE_WCSDUP 1
| /* end confdefs.h.  */
| /* Define strndup to an innocuous variant, in case <limits.h> declares strndup.
|    For example, HP-UX 11i <limits.h> declares gettimeofday.  */
| #define strndup innocuous_strndup
| 
| /* System header to define __stub macros and hopefully few prototypes,
|     which can conflict with char strndup (); below.
|     Prefer <limits.h> to <assert.h> if __STDC__ is defined, since
|     <limits.h> exists even on freestanding compilers.  */
| 
| #ifdef __STDC__
| # include <limits.h>
| #else
| # include <assert.h>
| #endif
| 
| #undef strndup
| 
| /* Override any GCC internal prototype to avoid an error.
|    Use char because int might match the return type of a GCC
|    builtin and then its argument prototype would still apply.  */
| #ifdef __cplusplus
| extern "C"
| #endif
| char strndup ();
| /* The GNU C library defines this for functions which it implements
|     to always fail with ENOSYS.  Some functions are actually named
|     something starting with __ and the normal name is an alias.  */
| #if defined __stub_strndup || defined __stub___strndup
| choke me
| #endif
| 
| int
| main ()
| {
| return strndup ();
|   ;
|   return 0;
| }
configure:20535: result: no
configure:20548: checking for X
configure:20663: gcc -E  conftest.c
conftest.c:18:22: fatal error: X11/Xlib.h: No such file or directory
compilation terminated.
configure:20669: $? = 1
configure: failed program was:
| /* confdefs.h.  */
| #define PACKAGE_NAME "FTGL"
| #define PACKAGE_TARNAME "ftgl"
| #define PACKAGE_VERSION "2.1.3~rc5"
| #define PACKAGE_STRING "FTGL 2.1.3~rc5"
| #define PACKAGE_BUGREPORT "sam@zoy.org"
| #define HAVE_SYS_TYPES_H 1
| #define HAVE_SYS_STAT_H 1
| #define HAVE_STDLIB_H 1
| #define HAVE_STRING_H 1
| #define HAVE_MEMORY_H 1
| #define HAVE_STRINGS_H 1
| #define HAVE_INTTYPES_H 1
| #define HAVE_STDINT_H 1
| #define HAVE_UNISTD_H 1
| #define HAVE_WCSDUP 1
| /* end confdefs.h.  */
| #include <X11/Xlib.h>
configure:20718: gcc -o conftest.exe -g -O2   conftest.c -lX11  >&5
conftest.c:18:22: fatal error: X11/Xlib.h: No such file or directory
compilation terminated.
configure:20724: $? = 1
configure: failed program was:
| /* confdefs.h.  */
| #define PACKAGE_NAME "FTGL"
| #define PACKAGE_TARNAME "ftgl"
| #define PACKAGE_VERSION "2.1.3~rc5"
| #define PACKAGE_STRING "FTGL 2.1.3~rc5"
| #define PACKAGE_BUGREPORT "sam@zoy.org"
| #define HAVE_SYS_TYPES_H 1
| #define HAVE_SYS_STAT_H 1
| #define HAVE_STDLIB_H 1
| #define HAVE_STRING_H 1
| #define HAVE_MEMORY_H 1
| #define HAVE_STRINGS_H 1
| #define HAVE_INTTYPES_H 1
| #define HAVE_STDINT_H 1
| #define HAVE_UNISTD_H 1
| #define HAVE_WCSDUP 1
| /* end confdefs.h.  */
| #include <X11/Xlib.h>
| int
| main ()
| {
| XrmInitialize ()
|   ;
|   return 0;
| }
configure:20772: result: no
configure:20832: checking for freetype-config
configure:20850: found /usr/local/bin/freetype-config
configure:20863: result: /usr/local/bin/freetype-config
configure:20873: checking for FreeType -- version >= 9.0.3
configure:20964: gcc -o conftest.exe -g -O2  -I/usr/local/include/freetype2 -I/usr/local/include  conftest.c -L/usr/local/lib -lfreetype  >&5
configure:20967: $? = 0
configure:20973: ./conftest.exe
configure:20976: $? = 0
configure:20999: result: yes
configure:22190: checking GL/gl.h usability
configure:22207: gcc -c -g -O2  conftest.c >&5
configure:22213: $? = 0
configure:22227: result: yes
configure:22231: checking GL/gl.h presence
configure:22246: gcc -E  conftest.c
configure:22252: $? = 0
configure:22266: result: yes
configure:22299: checking for GL/gl.h
configure:22306: result: yes
configure:22468: checking for OpenGL framework (Darwin-specific)
configure:22495: gcc -o conftest.exe -g -O2   conftest.c  -Xlinker -framework -Xlinker OpenGL >&5
conftest.c:20:23: fatal error: OpenGL/gl.h: No such file or directory
compilation terminated.
configure:22501: $? = 1
configure: failed program was:
| /* confdefs.h.  */
| #define PACKAGE_NAME "FTGL"
| #define PACKAGE_TARNAME "ftgl"
| #define PACKAGE_VERSION "2.1.3~rc5"
| #define PACKAGE_STRING "FTGL 2.1.3~rc5"
| #define PACKAGE_BUGREPORT "sam@zoy.org"
| #define HAVE_SYS_TYPES_H 1
| #define HAVE_SYS_STAT_H 1
| #define HAVE_STDLIB_H 1
| #define HAVE_STRING_H 1
| #define HAVE_MEMORY_H 1
| #define HAVE_STRINGS_H 1
| #define HAVE_INTTYPES_H 1
| #define HAVE_STDINT_H 1
| #define HAVE_UNISTD_H 1
| #define HAVE_WCSDUP 1
| #define X_DISPLAY_MISSING 1
| #define HAVE_GL_GL_H 1
| /* end confdefs.h.  */
| #include <OpenGL/gl.h>
| int
| main ()
| {
| glBegin(GL_POINTS)
|   ;
|   return 0;
| }
configure:22513: result: no
configure:22562: gcc -o conftest.exe -g -O2   conftest.c -lopengl32 >&5
c:/mingw/bin/../lib/gcc/mingw32/4.6.1/../../../../mingw32/bin/ld.exe: cannot open output file conftest.exe: Permission denied
collect2: ld returned 1 exit status
configure:22568: $? = 1
configure: failed program was:
| /* confdefs.h.  */
| #define PACKAGE_NAME "FTGL"
| #define PACKAGE_TARNAME "ftgl"
| #define PACKAGE_VERSION "2.1.3~rc5"
| #define PACKAGE_STRING "FTGL 2.1.3~rc5"
| #define PACKAGE_BUGREPORT "sam@zoy.org"
| #define HAVE_SYS_TYPES_H 1
| #define HAVE_SYS_STAT_H 1
| #define HAVE_STDLIB_H 1
| #define HAVE_STRING_H 1
| #define HAVE_MEMORY_H 1
| #define HAVE_STRINGS_H 1
| #define HAVE_INTTYPES_H 1
| #define HAVE_STDINT_H 1
| #define HAVE_UNISTD_H 1
| #define HAVE_WCSDUP 1
| #define X_DISPLAY_MISSING 1
| #define HAVE_GL_GL_H 1
| /* end confdefs.h.  */
| 
| /* Override any GCC internal prototype to avoid an error.
|    Use char because int might match the return type of a GCC
|    builtin and then its argument prototype would still apply.  */
| #ifdef __cplusplus
| extern "C"
| #endif
| char glBegin ();
| int
| main ()
| {
| return glBegin ();
|   ;
|   return 0;
| }
configure:22641: result: yes
configure:22662: checking GL/glu.h usability
configure:22679: gcc -c -g -O2  conftest.c >&5
configure:22685: $? = 0
configure:22699: result: yes
configure:22703: checking GL/glu.h presence
configure:22718: gcc -E  conftest.c
configure:22724: $? = 0
configure:22738: result: yes
configure:22771: checking for GL/glu.h
configure:22778: result: yes
configure:22939: checking for GLU version >= 1.2
configure:22973: gcc -c -g -O2  conftest.c >&5
configure:22979: $? = 0
configure:22984: result: yes
configure:23002: checking for GLU library
configure:23033: gcc -o conftest.exe -g -O2   conftest.c -lGLU -lopengl32 >&5
c:/mingw/bin/../lib/gcc/mingw32/4.6.1/../../../../mingw32/bin/ld.exe: cannot open output file conftest.exe: Permission denied
collect2: ld returned 1 exit status
configure:23039: $? = 1
configure: failed program was:
| /* confdefs.h.  */
| #define PACKAGE_NAME "FTGL"
| #define PACKAGE_TARNAME "ftgl"
| #define PACKAGE_VERSION "2.1.3~rc5"
| #define PACKAGE_STRING "FTGL 2.1.3~rc5"
| #define PACKAGE_BUGREPORT "sam@zoy.org"
| #define HAVE_SYS_TYPES_H 1
| #define HAVE_SYS_STAT_H 1
| #define HAVE_STDLIB_H 1
| #define HAVE_STRING_H 1
| #define HAVE_MEMORY_H 1
| #define HAVE_STRINGS_H 1
| #define HAVE_INTTYPES_H 1
| #define HAVE_STDINT_H 1
| #define HAVE_UNISTD_H 1
| #define HAVE_WCSDUP 1
| #define X_DISPLAY_MISSING 1
| #define HAVE_GL_GL_H 1
| #define HAVE_GL_GLU_H 1
| /* end confdefs.h.  */
| 
| /* Override any GCC internal prototype to avoid an error.
|    Use char because int might match the return type of a GCC
|    builtin and then its argument prototype would still apply.  */
| #ifdef __cplusplus
| extern "C"
| #endif
| char gluNewTess ();
| int
| main ()
| {
| return gluNewTess ();
|   ;
|   return 0;
| }
configure:23115: result: no
configure:23117: error: GLU library could not be found, please specify its location with --with-gl-lib.  If this still fails, please contact henryj@paradise.net.nz, include the string FTGL somewhere in the subject line and provide a copy of the config.log file that was left behind.

## ---------------- ##
## Cache variables. ##
## ---------------- ##

ac_cv_build=i686-pc-mingw32
ac_cv_c_compiler_gnu=yes
ac_cv_cxx_compiler_gnu=yes
ac_cv_env_CCC_set=
ac_cv_env_CCC_value=
ac_cv_env_CC_set=
ac_cv_env_CC_value=
ac_cv_env_CFLAGS_set=
ac_cv_env_CFLAGS_value=
ac_cv_env_CPPFLAGS_set=
ac_cv_env_CPPFLAGS_value=
ac_cv_env_CPPUNIT_CFLAGS_set=
ac_cv_env_CPPUNIT_CFLAGS_value=
ac_cv_env_CPPUNIT_LIBS_set=
ac_cv_env_CPPUNIT_LIBS_value=
ac_cv_env_CPP_set=
ac_cv_env_CPP_value=
ac_cv_env_CXXCPP_set=
ac_cv_env_CXXCPP_value=
ac_cv_env_CXXFLAGS_set=
ac_cv_env_CXXFLAGS_value=
ac_cv_env_CXX_set=
ac_cv_env_CXX_value=
ac_cv_env_F77_set=
ac_cv_env_F77_value=
ac_cv_env_FFLAGS_set=
ac_cv_env_FFLAGS_value=
ac_cv_env_LDFLAGS_set=
ac_cv_env_LDFLAGS_value=
ac_cv_env_LIBS_set=
ac_cv_env_LIBS_value=
ac_cv_env_PKG_CONFIG_set=
ac_cv_env_PKG_CONFIG_value=
ac_cv_env_XMKMF_set=
ac_cv_env_XMKMF_value=
ac_cv_env_build_alias_set=
ac_cv_env_build_alias_value=
ac_cv_env_host_alias_set=
ac_cv_env_host_alias_value=
ac_cv_env_target_alias_set=
ac_cv_env_target_alias_value=
ac_cv_exeext=.exe
ac_cv_f77_compiler_gnu=no
ac_cv_func_strndup=no
ac_cv_func_wcsdup=yes
ac_cv_have_x=have_x=no
ac_cv_header_GL_gl_h=yes
ac_cv_header_GL_glu_h=yes
ac_cv_header_dlfcn_h=no
ac_cv_header_inttypes_h=yes
ac_cv_header_memory_h=yes
ac_cv_header_stdc=no
ac_cv_header_stdint_h=yes
ac_cv_header_stdlib_h=yes
ac_cv_header_string_h=yes
ac_cv_header_strings_h=yes
ac_cv_header_sys_stat_h=yes
ac_cv_header_sys_types_h=yes
ac_cv_header_unistd_h=yes
ac_cv_host=i686-pc-mingw32
ac_cv_objext=o
ac_cv_path_EGREP='/bin/grep -E'
ac_cv_path_FT2_CONFIG=/usr/local/bin/freetype-config
ac_cv_path_GREP=/bin/grep
ac_cv_path_install='/bin/install -c'
ac_cv_path_mkdir=/bin/mkdir
ac_cv_prog_AWK=gawk
ac_cv_prog_CPP='gcc -E'
ac_cv_prog_CXXCPP='g++ -E'
ac_cv_prog_ac_ct_AR=ar
ac_cv_prog_ac_ct_CC=gcc
ac_cv_prog_ac_ct_CXX=g++
ac_cv_prog_ac_ct_RANLIB=ranlib
ac_cv_prog_ac_ct_STRIP=strip
ac_cv_prog_cc_c89=
ac_cv_prog_cc_g=yes
ac_cv_prog_cc_gcc_c_o=yes
ac_cv_prog_cxx_g=yes
ac_cv_prog_f77_g=no
ac_cv_prog_make_make_set=yes
am_cv_CC_dependencies_compiler_type=gcc3
am_cv_CXX_dependencies_compiler_type=gcc3
lt_cv_deplibs_check_method='file_magic ^x86 archive import|^x86 DLL'
lt_cv_file_magic_cmd=func_win32_libid
lt_cv_file_magic_test_file=
lt_cv_ld_reload_flag=-r
lt_cv_objdir=.libs
lt_cv_path_LD=c:/mingw/mingw32/bin/ld.exe
lt_cv_path_LDCXX=c:/mingw/mingw32/bin/ld.exe
lt_cv_path_NM=/mingw/bin/nm
lt_cv_path_SED=/bin/sed
lt_cv_prog_compiler_c_o=yes
lt_cv_prog_compiler_c_o_CXX=yes
lt_cv_prog_compiler_pic_works=yes
lt_cv_prog_compiler_pic_works_CXX=yes
lt_cv_prog_compiler_rtti_exceptions=no
lt_cv_prog_compiler_static_works=yes
lt_cv_prog_compiler_static_works_CXX=yes
lt_cv_prog_gnu_ld=yes
lt_cv_prog_gnu_ldcxx=yes
lt_cv_sys_global_symbol_pipe='sed -n -e '\''s/^.*[ 	]\([ABCDGIRSTW][ABCDGIRSTW]*\)[ 	][ 	]*_\([_A-Za-z][_A-Za-z0-9]*\)\{0,1\}$/\1 _\2 \2/p'\'''
lt_cv_sys_global_symbol_to_c_name_address='sed -n -e '\''s/^: \([^ ]*\) $/  {\"\1\", (lt_ptr) 0},/p'\'' -e '\''s/^[BCDEGRST] \([^ ]*\) \([^ ]*\)$/  {"\2", (lt_ptr) \&\2},/p'\'''
lt_cv_sys_global_symbol_to_cdecl='sed -n -e '\''s/^. .* \(.*\)$/extern int \1;/p'\'''
lt_cv_sys_lib_dlsearch_path_spec='/lib /usr/lib'
lt_cv_sys_lib_search_path_spec=' =c:/mingw/bin/../lib/gcc/mingw32/4.6.1/ c:/mingw/bin/../lib/gcc/ c:/mingw/bin/../lib/gcc/mingw32/4.6.1/../../../../mingw32/lib/mingw32/4.6.1/ c:/mingw/bin/../lib/gcc/mingw32/4.6.1/../../../../mingw32/lib/ c:/mingw/bin/../lib/gcc/mingw32/4.6.1/../../../mingw32/4.6.1/ c:/mingw/bin/../lib/gcc/mingw32/4.6.1/../../../ /mingw/lib/mingw32/4.6.1/ /mingw/lib/'
lt_cv_sys_max_cmd_len=8192
lt_lt_cv_prog_compiler_c_o='"yes"'
lt_lt_cv_prog_compiler_c_o_CXX='"yes"'
lt_lt_cv_sys_global_symbol_pipe='"sed -n -e '\''s/^.*[ 	]\\([ABCDGIRSTW][ABCDGIRSTW]*\\)[ 	][ 	]*_\\([_A-Za-z][_A-Za-z0-9]*\\)\\{0,1\\}\$/\\1 _\\2 \\2/p'\''"'
lt_lt_cv_sys_global_symbol_to_c_name_address='"sed -n -e '\''s/^: \\([^ ]*\\) \$/  {\\\"\\1\\\", (lt_ptr) 0},/p'\'' -e '\''s/^[BCDEGRST] \\([^ ]*\\) \\([^ ]*\\)\$/  {\"\\2\", (lt_ptr) \\&\\2},/p'\''"'
lt_lt_cv_sys_global_symbol_to_cdecl='"sed -n -e '\''s/^. .* \\(.*\\)\$/extern int \\1;/p'\''"'

## ----------------- ##
## Output variables. ##
## ----------------- ##

ACLOCAL='${SHELL} /c/Users/Janet/Documents/mycode/dancing_squid/lib/ftgl/.auto/missing --run aclocal-1.10'
AMDEPBACKSLASH='\'
AMDEP_FALSE='#'
AMDEP_TRUE=''
AMTAR='${SHELL} /c/Users/Janet/Documents/mycode/dancing_squid/lib/ftgl/.auto/missing --run tar'
AR='ar'
AUTOCONF='${SHELL} /c/Users/Janet/Documents/mycode/dancing_squid/lib/ftgl/.auto/missing --run autoconf'
AUTOHEADER='${SHELL} /c/Users/Janet/Documents/mycode/dancing_squid/lib/ftgl/.auto/missing --run autoheader'
AUTOMAKE='${SHELL} /c/Users/Janet/Documents/mycode/dancing_squid/lib/ftgl/.auto/missing --run automake-1.10'
AWK='gawk'
CC='gcc'
CCDEPMODE='depmode=gcc3'
CFLAGS='-g -O2'
CONVERT=''
CPP='gcc -E'
CPPFLAGS=''
CPPUNIT_CFLAGS=''
CPPUNIT_LIBS=''
CXX='g++'
CXXCPP='g++ -E'
CXXDEPMODE='depmode=gcc3'
CXXFLAGS='-g -O2'
CYGPATH_W='cygpath -w'
DEFS=''
DEPDIR='.deps'
DOXYGEN=''
DSYMUTIL=''
DVIPS=''
ECHO='echo'
ECHO_C=''
ECHO_N='-n'
ECHO_T=''
EGREP='/bin/grep -E'
EPSTOPDF=''
EXEEXT='.exe'
F77=''
FFLAGS=''
FRAMEWORK_OPENGL=''
FT2_CFLAGS='-I/usr/local/include/freetype2 -I/usr/local/include'
FT2_CONFIG='/usr/local/bin/freetype-config'
FT2_LIBS='-L/usr/local/lib -lfreetype'
GLUT_CFLAGS=''
GLUT_LIBS=''
GL_CFLAGS=''
GL_LIBS='-lopengl32'
GREP='/bin/grep'
HAVE_CPPUNIT_FALSE=''
HAVE_CPPUNIT_TRUE=''
HAVE_DOXYGEN_FALSE=''
HAVE_DOXYGEN_TRUE=''
HAVE_GLUT_FALSE=''
HAVE_GLUT_TRUE=''
HAVE_LATEX_FALSE=''
HAVE_LATEX_TRUE=''
INSTALL_DATA='${INSTALL} -m 644'
INSTALL_PROGRAM='${INSTALL}'
INSTALL_SCRIPT='${INSTALL}'
INSTALL_STRIP_PROGRAM='$(install_sh) -c -s'
KPSEWHICH=''
LATEX=''
LDFLAGS=''
LIBOBJS=''
LIBS='-lGLU -lopengl32'
LIBTOOL='$(SHELL) $(top_builddir)/libtool'
LN_S='cp -p'
LTLIBOBJS=''
LT_MAJOR='2'
LT_MICRO='3'
LT_MINOR='1'
LT_VERSION='2:1:3'
MAKEINFO='${SHELL} /c/Users/Janet/Documents/mycode/dancing_squid/lib/ftgl/.auto/missing --run makeinfo'
NMEDIT=''
OBJEXT='o'
PACKAGE='ftgl'
PACKAGE_BUGREPORT='sam@zoy.org'
PACKAGE_NAME='FTGL'
PACKAGE_STRING='FTGL 2.1.3~rc5'
PACKAGE_TARNAME='ftgl'
PACKAGE_VERSION='2.1.3~rc5'
PATH_SEPARATOR=':'
PKG_CONFIG=''
RANLIB='ranlib'
SED='/bin/sed'
SET_MAKE=''
SHELL='/bin/sh'
STRIP='strip'
VERSION='2.1.3~rc5'
XMKMF=''
X_CFLAGS=''
X_EXTRA_LIBS=''
X_LIBS=''
X_PRE_LIBS=''
ac_ct_CC='gcc'
ac_ct_CXX='g++'
ac_ct_F77=''
am__fastdepCC_FALSE='#'
am__fastdepCC_TRUE=''
am__fastdepCXX_FALSE='#'
am__fastdepCXX_TRUE=''
am__include='include'
am__isrc=''
am__leading_dot='.'
am__quote=''
am__tar='${AMTAR} chof - "$$tardir"'
am__untar='${AMTAR} xf -'
bindir='${exec_prefix}/bin'
build='i686-pc-mingw32'
build_alias=''
build_cpu='i686'
build_os='mingw32'
build_vendor='pc'
datadir='${datarootdir}'
datarootdir='${prefix}/share'
docdir='${datarootdir}/doc/${PACKAGE_TARNAME}'
dvidir='${docdir}'
exec_prefix='NONE'
host='i686-pc-mingw32'
host_alias=''
host_cpu='i686'
host_os='mingw32'
host_vendor='pc'
htmldir='${docdir}'
includedir='${prefix}/include'
infodir='${datarootdir}/info'
install_sh='$(SHELL) /c/Users/Janet/Documents/mycode/dancing_squid/lib/ftgl/.auto/install-sh'
libdir='${exec_prefix}/lib'
libexecdir='${exec_prefix}/libexec'
localedir='${datarootdir}/locale'
localstatedir='${prefix}/var'
mandir='${datarootdir}/man'
mkdir_p='/bin/mkdir -p'
oldincludedir='/usr/include'
pdfdir='${docdir}'
prefix='NONE'
program_transform_name='s,x,x,'
psdir='${docdir}'
sbindir='${exec_prefix}/sbin'
sharedstatedir='${prefix}/com'
sysconfdir='${prefix}/etc'
target_alias=''

## ----------- ##
## confdefs.h. ##
## ----------- ##

#define PACKAGE_NAME "FTGL"
#define PACKAGE_TARNAME "ftgl"
#define PACKAGE_VERSION "2.1.3~rc5"
#define PACKAGE_STRING "FTGL 2.1.3~rc5"
#define PACKAGE_BUGREPORT "sam@zoy.org"
#define HAVE_SYS_TYPES_H 1
#define HAVE_SYS_STAT_H 1
#define HAVE_STDLIB_H 1
#define HAVE_STRING_H 1
#define HAVE_MEMORY_H 1
#define HAVE_STRINGS_H 1
#define HAVE_INTTYPES_H 1
#define HAVE_STDINT_H 1
#define HAVE_UNISTD_H 1
#define HAVE_WCSDUP 1
#define X_DISPLAY_MISSING 1
#define HAVE_GL_GL_H 1
#define HAVE_GL_GLU_H 1

configure: exit 1
